

HI-TECH Software PIC LITE Macro Assembler V9.71a build 6446 
                                                                                               Fri Oct 23 17:52:52 2020

HI-TECH Software Omniscient Code Generator (Lite mode) build 6446
     1  0000                     opt subtitle "HI-TECH Software Omniscient Code Generator (Lite mode) build 6446"
     2                           
     3                           opt pagewidth 120
     4                           
     5                           	opt lm
     6                           
     7                           	processor	16F877A
     8                           clrc	macro
     9                           	bcf	3,0
    10  0000                     	endm
    11                           clrz	macro
    12                           	bcf	3,2
    13  0000                     	endm
    14                           setc	macro
    15                           	bsf	3,0
    16  0000                     	endm
    17                           setz	macro
    18                           	bsf	3,2
    19  0000                     	endm
    20                           skipc	macro
    21                           	btfss	3,0
    22  0000                     	endm
    23                           skipz	macro
    24                           	btfss	3,2
    25  0000                     	endm
    26                           skipnc	macro
    27                           	btfsc	3,0
    28  0000                     	endm
    29                           skipnz	macro
    30                           	btfsc	3,2
    31  0000                     	endm
    32  0000                     indf	equ	0
    33  0000                     indf0	equ	0
    34  0002                     pc	equ	2
    35  0002                     pcl	equ	2
    36  0003                     status	equ	3
    37  0004                     fsr	equ	4
    38  0004                     fsr0	equ	4
    39  0001                     c	equ	1
    40  0000                     z	equ	0
    41  000A                     pclath	equ	10
    42                           	FNCALL	_main,_uart_init
    43                           	FNCALL	_main,_lcd_init
    44                           	FNCALL	_main,_delay1
    45                           	FNCALL	_main,_uart_read
    46                           	FNCALL	_main,_lcd_char
    47                           	FNCALL	_lcd_init,_lcd_cmd
    48                           	FNROOT	_main
    49                           	global	_temp
    50                           	global	_index
    51                           	global	_PORTB
    52                           psect	text121,local,class=CODE,delta=2
    53                           global __ptext121
    54  0000                     __ptext121:
    55  0006                     _PORTB	set	6
    56                           	global	_PORTE
    57  0009                     _PORTE	set	9
    58                           	global	_RCREG
    59  001A                     _RCREG	set	26
    60                           	global	_RCSTA
    61  0018                     _RCSTA	set	24
    62                           	global	_TXREG
    63  0019                     _TXREG	set	25
    64                           	global	_RCIF
    65  0065                     _RCIF	set	101
    66                           	global	_RE0
    67  0048                     _RE0	set	72
    68                           	global	_RE2
    69  004A                     _RE2	set	74
    70                           	global	_SPEN
    71  00C7                     _SPEN	set	199
    72                           	global	_ADCON1
    73  009F                     _ADCON1	set	159
    74                           	global	_SPBRG
    75  0099                     _SPBRG	set	153
    76                           	global	_TRISB
    77  0086                     _TRISB	set	134
    78                           	global	_TRISC
    79  0087                     _TRISC	set	135
    80                           	global	_TRISE
    81  0089                     _TRISE	set	137
    82                           	global	_TXSTA
    83  0098                     _TXSTA	set	152
    84                           	global	_TRMT
    85  04C1                     _TRMT	set	1217
    86                           	global	_TXEN
    87  04C5                     _TXEN	set	1221
    88                           	file	"uart_rx.as"
    89                           	line	#
    90                           psect cinit,class=CODE,delta=2
    91                           global start_initialization
    92  0750                     start_initialization:
    93                           
    94                           psect	bssCOMMON,class=COMMON,space=1
    95                           global __pbssCOMMON
    96  0074                     __pbssCOMMON:
    97  0074                     _index:
    98  0074                            ds      1
    99                           
   100                           psect	bssBANK0,class=BANK0,space=1
   101                           global __pbssBANK0
   102  0020                     __pbssBANK0:
   103  0020                     _temp:
   104  0020                            ds      32
   105                           
   106                           psect clrtext,class=CODE,delta=2
   107                           global clear_ram
   108                           ;	Called with FSR containing the base address, and
   109                           ;	W with the last address+1
   110  073E                     clear_ram:
   111  073E  0064               	clrwdt			;clear the watchdog before getting into this loop
   112  073F                     clrloop:
   113  073F  0180               	clrf	indf		;clear RAM location pointed to by FSR
   114  0740  0A84               	incf	fsr,f		;increment pointer
   115  0741  0604               	xorwf	fsr,w		;XOR with final address
   116  0742  1903               	btfsc	status,2	;have we reached the end yet?
   117  0743  3400               	retlw	0		;all done for this memory range, return
   118  0744  0604               	xorwf	fsr,w		;XOR again to restore value
   119  0745  2F3F               	goto	clrloop		;do the next byte
   120                           
   121                           ; Clear objects allocated to COMMON
   122                           psect cinit,class=CODE,delta=2
   123  0750  01F4               	clrf	((__pbssCOMMON)+0)&07Fh
   124                           ; Clear objects allocated to BANK0
   125                           psect cinit,class=CODE,delta=2
   126  0751  1383               	bcf	status, 7	;select IRP bank0
   127  0752  3020               	movlw	low(__pbssBANK0)
   128  0753  0084               	movwf	fsr
   129  0754  3040               	movlw	low((__pbssBANK0)+020h)
   130  0755  120A  118A  273E   	fcall	clear_ram
              120A  118A         
   131                           psect cinit,class=CODE,delta=2
   132                           global end_of_initialization
   133                           
   134                           ;End of C runtime variable initialization code
   135                           
   136  075A                     end_of_initialization:
   137  075A  0183               clrf status
   138  075B  120A  118A  2FD4   ljmp _main	;jump to C main() function
   139                           psect	cstackCOMMON,class=COMMON,space=1
   140                           global __pcstackCOMMON
   141  0070                     __pcstackCOMMON:
   142                           	global	?_uart_init
   143  0070                     ?_uart_init:	; 0 bytes @ 0x0
   144                           	global	??_uart_init
   145  0070                     ??_uart_init:	; 0 bytes @ 0x0
   146                           	global	?_lcd_init
   147  0070                     ?_lcd_init:	; 0 bytes @ 0x0
   148                           	global	??_uart_read
   149  0070                     ??_uart_read:	; 0 bytes @ 0x0
   150                           	global	?_lcd_char
   151  0070                     ?_lcd_char:	; 0 bytes @ 0x0
   152                           	global	??_lcd_char
   153  0070                     ??_lcd_char:	; 0 bytes @ 0x0
   154                           	global	?_delay1
   155  0070                     ?_delay1:	; 0 bytes @ 0x0
   156                           	global	??_delay1
   157  0070                     ??_delay1:	; 0 bytes @ 0x0
   158                           	global	?_main
   159  0070                     ?_main:	; 0 bytes @ 0x0
   160                           	global	?_lcd_cmd
   161  0070                     ?_lcd_cmd:	; 0 bytes @ 0x0
   162                           	global	??_lcd_cmd
   163  0070                     ??_lcd_cmd:	; 0 bytes @ 0x0
   164                           	global	?_uart_read
   165  0070                     ?_uart_read:	; 1 bytes @ 0x0
   166                           	global	delay1@j
   167  0070                     delay1@j:	; 2 bytes @ 0x0
   168  0070                     	ds	2
   169                           	global	lcd_cmd@cmd
   170  0072                     lcd_cmd@cmd:	; 1 bytes @ 0x2
   171                           	global	lcd_char@data
   172  0072                     lcd_char@data:	; 1 bytes @ 0x2
   173  0072                     	ds	1
   174                           	global	??_lcd_init
   175  0073                     ??_lcd_init:	; 0 bytes @ 0x3
   176                           	global	??_main
   177  0073                     ??_main:	; 0 bytes @ 0x3
   178  0073                     	ds	1
   179 ;;Data sizes: Strings 0, constant 0, data 0, bss 33, persistent 0 stack 0
   180 ;;Auto spaces:   Size  Autos    Used
   181 ;; COMMON          14      4       5
   182 ;; BANK0           80      0      32
   183 ;; BANK1           80      0       0
   184 ;; BANK3           96      0       0
   185 ;; BANK2           96      0       0
   186                           
   187 ;;
   188 ;; Pointer list with targets:
   189                           
   190                           
   191                           
   192 ;;
   193 ;; Critical Paths under _main in COMMON
   194 ;;
   195 ;;   _main->_lcd_char
   196 ;;   _lcd_init->_lcd_cmd
   197 ;;
   198 ;; Critical Paths under _main in BANK0
   199 ;;
   200 ;;   None.
   201 ;;
   202 ;; Critical Paths under _main in BANK1
   203 ;;
   204 ;;   None.
   205 ;;
   206 ;; Critical Paths under _main in BANK3
   207 ;;
   208 ;;   None.
   209 ;;
   210 ;; Critical Paths under _main in BANK2
   211 ;;
   212 ;;   None.
   213                           
   214 ;;
   215 ;;Main: autosize = 0, tempsize = 1, incstack = 0, save=0
   216 ;;
   217                           
   218 ;;
   219 ;;Call Graph Tables:
   220 ;;
   221 ;; ---------------------------------------------------------------------------------
   222 ;; (Depth) Function   	        Calls       Base Space   Used Autos Params    Refs
   223 ;; ---------------------------------------------------------------------------------
   224 ;; (0) _main                                                 1     1      0      60
   225 ;;                                              3 COMMON     1     1      0
   226 ;;                          _uart_init
   227 ;;                           _lcd_init
   228 ;;                             _delay1
   229 ;;                          _uart_read
   230 ;;                           _lcd_char
   231 ;; ---------------------------------------------------------------------------------
   232 ;; (1) _lcd_init                                             0     0      0      15
   233 ;;                            _lcd_cmd
   234 ;; ---------------------------------------------------------------------------------
   235 ;; (2) _lcd_cmd                                              3     3      0      15
   236 ;;                                              0 COMMON     3     3      0
   237 ;; ---------------------------------------------------------------------------------
   238 ;; (1) _lcd_char                                             3     3      0      15
   239 ;;                                              0 COMMON     3     3      0
   240 ;; ---------------------------------------------------------------------------------
   241 ;; (1) _uart_read                                            0     0      0       0
   242 ;; ---------------------------------------------------------------------------------
   243 ;; (1) _uart_init                                            0     0      0       0
   244 ;; ---------------------------------------------------------------------------------
   245 ;; (1) _delay1                                               4     4      0      30
   246 ;;                                              0 COMMON     2     2      0
   247 ;; ---------------------------------------------------------------------------------
   248 ;; Estimated maximum stack depth 2
   249 ;; ---------------------------------------------------------------------------------
   250                           
   251 ;; Call Graph Graphs:
   252                           
   253 ;; _main (ROOT)
   254 ;;   _uart_init
   255 ;;   _lcd_init
   256 ;;     _lcd_cmd
   257 ;;   _delay1
   258 ;;   _uart_read
   259 ;;   _lcd_char
   260 ;;
   261                           
   262 ;; Address spaces:
   263                           
   264 ;;Name               Size   Autos  Total    Cost      Usage
   265 ;;BITCOMMON            E      0       0       0        0.0%
   266 ;;EEDATA             100      0       0       0        0.0%
   267 ;;NULL                 0      0       0       0        0.0%
   268 ;;CODE                 0      0       0       0        0.0%
   269 ;;COMMON               E      4       5       1       35.7%
   270 ;;BITSFR0              0      0       0       1        0.0%
   271 ;;SFR0                 0      0       0       1        0.0%
   272 ;;BITSFR1              0      0       0       2        0.0%
   273 ;;SFR1                 0      0       0       2        0.0%
   274 ;;STACK                0      0       2       2        0.0%
   275 ;;ABS                  0      0      25       3        0.0%
   276 ;;BITBANK0            50      0       0       4        0.0%
   277 ;;BITSFR3              0      0       0       4        0.0%
   278 ;;SFR3                 0      0       0       4        0.0%
   279 ;;BANK0               50      0      20       5       40.0%
   280 ;;BITSFR2              0      0       0       5        0.0%
   281 ;;SFR2                 0      0       0       5        0.0%
   282 ;;BITBANK1            50      0       0       6        0.0%
   283 ;;BANK1               50      0       0       7        0.0%
   284 ;;BITBANK3            60      0       0       8        0.0%
   285 ;;BANK3               60      0       0       9        0.0%
   286 ;;BITBANK2            60      0       0      10        0.0%
   287 ;;BANK2               60      0       0      11        0.0%
   288 ;;DATA                 0      0      27      12        0.0%
   289                           
   290                           	global	_main
   291                           psect	maintext,global,class=CODE,delta=2
   292                           global __pmaintext
   293  07D4                     __pmaintext:
   294                           
   295 ;; *************** function _main *****************
   296 ;; Defined at:
   297 ;;		line 15 in file "C:\Users\user.user-PC\Desktop\Devlps\PIC-MCU\Baremetal_Code\app\src\uart_rx.c"
   298 ;; Parameters:    Size  Location     Type
   299 ;;		None
   300 ;; Auto vars:     Size  Location     Type
   301 ;;		None
   302 ;; Return value:  Size  Location     Type
   303 ;;		None               void
   304 ;; Registers used:
   305 ;;		wreg, fsr0l, fsr0h, status,2, status,0, pclath, cstack
   306 ;; Tracked objects:
   307 ;;		On entry : 17F/0
   308 ;;		On exit  : 0/0
   309 ;;		Unchanged: 0/0
   310 ;; Data sizes:     COMMON   BANK0   BANK1   BANK3   BANK2
   311 ;;      Params:         0       0       0       0       0
   312 ;;      Locals:         0       0       0       0       0
   313 ;;      Temps:          1       0       0       0       0
   314 ;;      Totals:         1       0       0       0       0
   315 ;;Total ram usage:        1 bytes
   316 ;; Hardware stack levels required when called:    2
   317 ;; This function calls:
   318 ;;		_uart_init
   319 ;;		_lcd_init
   320 ;;		_delay1
   321 ;;		_uart_read
   322 ;;		_lcd_char
   323 ;; This function is called by:
   324 ;;		Startup code after reset
   325 ;; This function uses a non-reentrant model
   326 ;;
   327                           psect	maintext
   328                           	file	"C:\Users\user.user-PC\Desktop\Devlps\PIC-MCU\Baremetal_Code\app\src\uart_rx.c"
   329                           	line	15
   330                           	global	__size_of_main
   331  002C                     	__size_of_main	equ	__end_of_main-_main
   332                           	
   333  07D4                     _main:	
   334                           	opt	stack 8
   335                           ; Regs used in _main: [wreg-fsr0h+status,2+status,0+pclath+cstack]
   336                           	line	16
   337                           	
   338  07D4                     l2963:	
   339                           ;uart_rx.c: 16: uart_init();
   340  07D4  120A  118A  275E   	fcall	_uart_init
              120A  118A         
   341                           	line	17
   342                           ;uart_rx.c: 17: lcd_init();
   343  07D9  120A  118A  27B3   	fcall	_lcd_init
              120A  118A         
   344                           	line	18
   345                           ;uart_rx.c: 18: delay1();
   346  07DE  120A  118A  2795   	fcall	_delay1
              120A  118A         
   347                           	line	20
   348                           ;uart_rx.c: 20: while(1)
   349                           	
   350  07E3                     l576:	
   351                           	line	22
   352                           	
   353  07E3                     l2965:	
   354                           ;uart_rx.c: 21: {
   355                           ;uart_rx.c: 22: temp[index]=uart_read();
   356  07E3  120A  118A  2746   	fcall	_uart_read
              120A  118A         
   357  07E8  00F3               	movwf	(??_main+0)+0
   358  07E9  0874               	movf	(_index),w
   359  07EA  3E20               	addlw	_temp&0ffh
   360  07EB  0084               	movwf	fsr0
   361  07EC  0873               	movf	(??_main+0)+0,w
   362  07ED  1383               	bcf	status, 7	;select IRP bank0
   363  07EE  0080               	movwf	indf
   364                           	line	23
   365                           	
   366  07EF                     l2967:	
   367                           ;uart_rx.c: 23: lcd_char(temp[index]);
   368  07EF  0874               	movf	(_index),w
   369  07F0  3E20               	addlw	_temp&0ffh
   370  07F1  0084               	movwf	fsr0
   371  07F2  0800               	movf	indf,w
   372  07F3  120A  118A  276D   	fcall	_lcd_char
              120A  118A         
   373                           	line	24
   374                           	
   375  07F8                     l2969:	
   376                           ;uart_rx.c: 24: index++;
   377  07F8  3001               	movlw	(01h)
   378  07F9  00F3               	movwf	(??_main+0)+0
   379  07FA  0873               	movf	(??_main+0)+0,w
   380  07FB  07F4               	addwf	(_index),f
   381                           	line	26
   382                           	
   383  07FC                     l577:	
   384                           	line	20
   385  07FC  2FE3               	goto	l576
   386                           	
   387  07FD                     l578:	
   388                           	line	28
   389                           	
   390  07FD                     l579:	
   391                           	global	start
   392  07FD  120A  118A  2800   	ljmp	start
   393                           	opt stack 0
   394                           GLOBAL	__end_of_main
   395  0800                     	__end_of_main:
   396 ;; =============== function _main ends ============
   397                           
   398                           	signat	_main,88
   399                           	global	_lcd_init
   400                           psect	text122,local,class=CODE,delta=2
   401                           global __ptext122
   402  07B3                     __ptext122:
   403                           
   404 ;; *************** function _lcd_init *****************
   405 ;; Defined at:
   406 ;;		line 39 in file "C:\Users\user.user-PC\Desktop\Devlps\PIC-MCU\Baremetal_Code\core\drv\lcd\src\lcd_driver.c"
   407 ;; Parameters:    Size  Location     Type
   408 ;;		None
   409 ;; Auto vars:     Size  Location     Type
   410 ;;		None
   411 ;; Return value:  Size  Location     Type
   412 ;;		None               void
   413 ;; Registers used:
   414 ;;		wreg, status,2, status,0, pclath, cstack
   415 ;; Tracked objects:
   416 ;;		On entry : 0/0
   417 ;;		On exit  : 0/0
   418 ;;		Unchanged: 0/0
   419 ;; Data sizes:     COMMON   BANK0   BANK1   BANK3   BANK2
   420 ;;      Params:         0       0       0       0       0
   421 ;;      Locals:         0       0       0       0       0
   422 ;;      Temps:          0       0       0       0       0
   423 ;;      Totals:         0       0       0       0       0
   424 ;;Total ram usage:        0 bytes
   425 ;; Hardware stack levels used:    1
   426 ;; Hardware stack levels required when called:    1
   427 ;; This function calls:
   428 ;;		_lcd_cmd
   429 ;; This function is called by:
   430 ;;		_main
   431 ;; This function uses a non-reentrant model
   432 ;;
   433                           psect	text122
   434                           	file	"C:\Users\user.user-PC\Desktop\Devlps\PIC-MCU\Baremetal_Code\core\drv\lcd\src\lcd_
                                 driver.c"
   435                           	line	39
   436                           	global	__size_of_lcd_init
   437  0021                     	__size_of_lcd_init	equ	__end_of_lcd_init-_lcd_init
   438                           	
   439  07B3                     _lcd_init:	
   440                           	opt	stack 7
   441                           ; Regs used in _lcd_init: [wreg+status,2+status,0+pclath+cstack]
   442                           	line	40
   443                           	
   444  07B3                     l2947:	
   445                           ;lcd_driver.c: 40: ADCON1=0x06;
   446  07B3  3006               	movlw	(06h)
   447  07B4  1683               	bsf	status, 5	;RP0=1, select bank1
   448  07B5  1303               	bcf	status, 6	;RP1=0, select bank1
   449  07B6  009F               	movwf	(159)^080h	;volatile
   450                           	line	41
   451                           	
   452  07B7                     l2949:	
   453                           ;lcd_driver.c: 41: TRISB=0X00;
   454  07B7  0186               	clrf	(134)^080h	;volatile
   455                           	line	42
   456                           	
   457  07B8                     l2951:	
   458                           ;lcd_driver.c: 42: PORTB=0X00;
   459  07B8  1283               	bcf	status, 5	;RP0=0, select bank0
   460  07B9  1303               	bcf	status, 6	;RP1=0, select bank0
   461  07BA  0186               	clrf	(6)	;volatile
   462                           	line	43
   463                           	
   464  07BB                     l2953:	
   465                           ;lcd_driver.c: 43: TRISE=0X00;
   466  07BB  1683               	bsf	status, 5	;RP0=1, select bank1
   467  07BC  1303               	bcf	status, 6	;RP1=0, select bank1
   468  07BD  0189               	clrf	(137)^080h	;volatile
   469                           	line	44
   470                           	
   471  07BE                     l2955:	
   472                           ;lcd_driver.c: 44: PORTE=0X00;
   473  07BE  1283               	bcf	status, 5	;RP0=0, select bank0
   474  07BF  1303               	bcf	status, 6	;RP1=0, select bank0
   475  07C0  0189               	clrf	(9)	;volatile
   476                           	line	45
   477                           	
   478  07C1                     l2957:	
   479                           ;lcd_driver.c: 45: lcd_cmd(0x38);
   480  07C1  3038               	movlw	(038h)
   481  07C2  120A  118A  2781   	fcall	_lcd_cmd
              120A  118A         
   482                           	line	46
   483                           	
   484  07C7                     l2959:	
   485                           ;lcd_driver.c: 46: lcd_cmd(0x0c);
   486  07C7  300C               	movlw	(0Ch)
   487  07C8  120A  118A  2781   	fcall	_lcd_cmd
              120A  118A         
   488                           	line	47
   489                           	
   490  07CD                     l2961:	
   491                           ;lcd_driver.c: 47: lcd_cmd(0x80);
   492  07CD  3080               	movlw	(080h)
   493  07CE  120A  118A  2781   	fcall	_lcd_cmd
              120A  118A         
   494                           	line	48
   495                           	
   496  07D3                     l1732:	
   497  07D3  0008               	return
   498                           	opt stack 0
   499                           GLOBAL	__end_of_lcd_init
   500  07D4                     	__end_of_lcd_init:
   501 ;; =============== function _lcd_init ends ============
   502                           
   503                           	signat	_lcd_init,88
   504                           	global	_lcd_cmd
   505                           psect	text123,local,class=CODE,delta=2
   506                           global __ptext123
   507  0781                     __ptext123:
   508                           
   509 ;; *************** function _lcd_cmd *****************
   510 ;; Defined at:
   511 ;;		line 10 in file "C:\Users\user.user-PC\Desktop\Devlps\PIC-MCU\Baremetal_Code\core\drv\lcd\src\lcd_driver.c"
   512 ;; Parameters:    Size  Location     Type
   513 ;;  cmd             1    wreg     unsigned char 
   514 ;; Auto vars:     Size  Location     Type
   515 ;;  cmd             1    2[COMMON] unsigned char 
   516 ;; Return value:  Size  Location     Type
   517 ;;		None               void
   518 ;; Registers used:
   519 ;;		wreg
   520 ;; Tracked objects:
   521 ;;		On entry : 0/0
   522 ;;		On exit  : 0/0
   523 ;;		Unchanged: 0/0
   524 ;; Data sizes:     COMMON   BANK0   BANK1   BANK3   BANK2
   525 ;;      Params:         0       0       0       0       0
   526 ;;      Locals:         1       0       0       0       0
   527 ;;      Temps:          2       0       0       0       0
   528 ;;      Totals:         3       0       0       0       0
   529 ;;Total ram usage:        3 bytes
   530 ;; Hardware stack levels used:    1
   531 ;; This function calls:
   532 ;;		Nothing
   533 ;; This function is called by:
   534 ;;		_lcd_init
   535 ;; This function uses a non-reentrant model
   536 ;;
   537                           psect	text123
   538                           	file	"C:\Users\user.user-PC\Desktop\Devlps\PIC-MCU\Baremetal_Code\core\drv\lcd\src\lcd_
                                 driver.c"
   539                           	line	10
   540                           	global	__size_of_lcd_cmd
   541  0014                     	__size_of_lcd_cmd	equ	__end_of_lcd_cmd-_lcd_cmd
   542                           	
   543  0781                     _lcd_cmd:	
   544                           	opt	stack 6
   545                           ; Regs used in _lcd_cmd: [wreg]
   546                           ;lcd_cmd@cmd stored from wreg
   547  0781  00F2               	movwf	(lcd_cmd@cmd)
   548                           	line	11
   549                           	
   550  0782                     l2939:	
   551                           ;lcd_driver.c: 11: RE0=0;
   552  0782  1283               	bcf	status, 5	;RP0=0, select bank0
   553  0783  1303               	bcf	status, 6	;RP1=0, select bank0
   554  0784  1009               	bcf	(72/8),(72)&7
   555                           	line	12
   556                           	
   557  0785                     l2941:	
   558                           ;lcd_driver.c: 12: PORTB=cmd;
   559  0785  0872               	movf	(lcd_cmd@cmd),w
   560  0786  0086               	movwf	(6)	;volatile
   561                           	line	13
   562                           	
   563  0787                     l2943:	
   564                           ;lcd_driver.c: 13: RE2=1;
   565  0787  1509               	bsf	(74/8),(74)&7
   566                           	line	14
   567                           ;lcd_driver.c: 14: _delay((unsigned long)((1)*(40000000/4000.0)));
   568                           	opt asmopt_off
   569  0788  300D               movlw	13
   570  0789  00F1               movwf	((??_lcd_cmd+0)+0+1),f
   571  078A  30FB               	movlw	251
   572  078B  00F0               movwf	((??_lcd_cmd+0)+0),f
   573  078C                     u2247:
   574  078C  0BF0               	decfsz	((??_lcd_cmd+0)+0),f
   575  078D  2F8C               	goto	u2247
   576  078E  0BF1               	decfsz	((??_lcd_cmd+0)+0+1),f
   577  078F  2F8C               	goto	u2247
   578  0790  2F91               	nop2
   579                           opt asmopt_on
   580                           
   581                           	line	15
   582                           	
   583  0791                     l2945:	
   584                           ;lcd_driver.c: 15: RE2=0;
   585  0791  1283               	bcf	status, 5	;RP0=0, select bank0
   586  0792  1303               	bcf	status, 6	;RP1=0, select bank0
   587  0793  1109               	bcf	(74/8),(74)&7
   588                           	line	16
   589                           	
   590  0794                     l1720:	
   591  0794  0008               	return
   592                           	opt stack 0
   593                           GLOBAL	__end_of_lcd_cmd
   594  0795                     	__end_of_lcd_cmd:
   595 ;; =============== function _lcd_cmd ends ============
   596                           
   597                           	signat	_lcd_cmd,4216
   598                           	global	_lcd_char
   599                           psect	text124,local,class=CODE,delta=2
   600                           global __ptext124
   601  076D                     __ptext124:
   602                           
   603 ;; *************** function _lcd_char *****************
   604 ;; Defined at:
   605 ;;		line 19 in file "C:\Users\user.user-PC\Desktop\Devlps\PIC-MCU\Baremetal_Code\core\drv\lcd\src\lcd_driver.c"
   606 ;; Parameters:    Size  Location     Type
   607 ;;  data            1    wreg     unsigned char 
   608 ;; Auto vars:     Size  Location     Type
   609 ;;  data            1    2[COMMON] unsigned char 
   610 ;; Return value:  Size  Location     Type
   611 ;;		None               void
   612 ;; Registers used:
   613 ;;		wreg
   614 ;; Tracked objects:
   615 ;;		On entry : 0/0
   616 ;;		On exit  : 0/0
   617 ;;		Unchanged: 0/0
   618 ;; Data sizes:     COMMON   BANK0   BANK1   BANK3   BANK2
   619 ;;      Params:         0       0       0       0       0
   620 ;;      Locals:         1       0       0       0       0
   621 ;;      Temps:          2       0       0       0       0
   622 ;;      Totals:         3       0       0       0       0
   623 ;;Total ram usage:        3 bytes
   624 ;; Hardware stack levels used:    1
   625 ;; This function calls:
   626 ;;		Nothing
   627 ;; This function is called by:
   628 ;;		_main
   629 ;;		_lcd_string
   630 ;; This function uses a non-reentrant model
   631 ;;
   632                           psect	text124
   633                           	file	"C:\Users\user.user-PC\Desktop\Devlps\PIC-MCU\Baremetal_Code\core\drv\lcd\src\lcd_
                                 driver.c"
   634                           	line	19
   635                           	global	__size_of_lcd_char
   636  0014                     	__size_of_lcd_char	equ	__end_of_lcd_char-_lcd_char
   637                           	
   638  076D                     _lcd_char:	
   639                           	opt	stack 7
   640                           ; Regs used in _lcd_char: [wreg]
   641                           ;lcd_char@data stored from wreg
   642                           	line	21
   643  076D  00F2               	movwf	(lcd_char@data)
   644                           	
   645  076E                     l2931:	
   646                           ;lcd_driver.c: 21: RE0=1;
   647  076E  1283               	bcf	status, 5	;RP0=0, select bank0
   648  076F  1303               	bcf	status, 6	;RP1=0, select bank0
   649  0770  1409               	bsf	(72/8),(72)&7
   650                           	line	22
   651                           	
   652  0771                     l2933:	
   653                           ;lcd_driver.c: 22: PORTB=data;
   654  0771  0872               	movf	(lcd_char@data),w
   655  0772  0086               	movwf	(6)	;volatile
   656                           	line	23
   657                           	
   658  0773                     l2935:	
   659                           ;lcd_driver.c: 23: RE2=1;
   660  0773  1509               	bsf	(74/8),(74)&7
   661                           	line	24
   662                           ;lcd_driver.c: 24: _delay((unsigned long)((1)*(40000000/4000.0)));
   663                           	opt asmopt_off
   664  0774  300D               movlw	13
   665  0775  00F1               movwf	((??_lcd_char+0)+0+1),f
   666  0776  30FB               	movlw	251
   667  0777  00F0               movwf	((??_lcd_char+0)+0),f
   668  0778                     u2257:
   669  0778  0BF0               	decfsz	((??_lcd_char+0)+0),f
   670  0779  2F78               	goto	u2257
   671  077A  0BF1               	decfsz	((??_lcd_char+0)+0+1),f
   672  077B  2F78               	goto	u2257
   673  077C  2F7D               	nop2
   674                           opt asmopt_on
   675                           
   676                           	line	25
   677                           	
   678  077D                     l2937:	
   679                           ;lcd_driver.c: 25: RE2=0;
   680  077D  1283               	bcf	status, 5	;RP0=0, select bank0
   681  077E  1303               	bcf	status, 6	;RP1=0, select bank0
   682  077F  1109               	bcf	(74/8),(74)&7
   683                           	line	27
   684                           	
   685  0780                     l1723:	
   686  0780  0008               	return
   687                           	opt stack 0
   688                           GLOBAL	__end_of_lcd_char
   689  0781                     	__end_of_lcd_char:
   690 ;; =============== function _lcd_char ends ============
   691                           
   692                           	signat	_lcd_char,4216
   693                           	global	_uart_read
   694                           psect	text125,local,class=CODE,delta=2
   695                           global __ptext125
   696  0746                     __ptext125:
   697                           
   698 ;; *************** function _uart_read *****************
   699 ;; Defined at:
   700 ;;		line 42 in file "C:\Users\user.user-PC\Desktop\Devlps\PIC-MCU\Baremetal_Code\core\drv\uart\src\uart_driver.c"
   701 ;; Parameters:    Size  Location     Type
   702 ;;		None
   703 ;; Auto vars:     Size  Location     Type
   704 ;;		None
   705 ;; Return value:  Size  Location     Type
   706 ;;                  1    wreg      unsigned char 
   707 ;; Registers used:
   708 ;;		wreg
   709 ;; Tracked objects:
   710 ;;		On entry : 0/0
   711 ;;		On exit  : 0/0
   712 ;;		Unchanged: 0/0
   713 ;; Data sizes:     COMMON   BANK0   BANK1   BANK3   BANK2
   714 ;;      Params:         0       0       0       0       0
   715 ;;      Locals:         0       0       0       0       0
   716 ;;      Temps:          0       0       0       0       0
   717 ;;      Totals:         0       0       0       0       0
   718 ;;Total ram usage:        0 bytes
   719 ;; Hardware stack levels used:    1
   720 ;; This function calls:
   721 ;;		Nothing
   722 ;; This function is called by:
   723 ;;		_main
   724 ;; This function uses a non-reentrant model
   725 ;;
   726                           psect	text125
   727                           	file	"C:\Users\user.user-PC\Desktop\Devlps\PIC-MCU\Baremetal_Code\core\drv\uart\src\uar
                                 t_driver.c"
   728                           	line	42
   729                           	global	__size_of_uart_read
   730  000A                     	__size_of_uart_read	equ	__end_of_uart_read-_uart_read
   731                           	
   732  0746                     _uart_read:	
   733                           	opt	stack 7
   734                           ; Regs used in _uart_read: [wreg]
   735                           	line	44
   736                           	
   737  0746                     l2109:	
   738                           ;uart_driver.c: 44: while(!RCIF);
   739  0746  2F47               	goto	l1156
   740                           	
   741  0747                     l1157:	
   742                           	
   743  0747                     l1156:	
   744  0747  1283               	bcf	status, 5	;RP0=0, select bank0
   745  0748  1303               	bcf	status, 6	;RP1=0, select bank0
   746  0749  1E8C               	btfss	(101/8),(101)&7
   747  074A  2F4C               	goto	u31
   748  074B  2F4D               	goto	u30
   749  074C                     u31:
   750  074C  2F47               	goto	l1157
   751  074D                     u30:
   752                           	
   753  074D                     l1158:	
   754                           	line	45
   755                           ;uart_driver.c: 45: RCIF=0;
   756  074D  128C               	bcf	(101/8),(101)&7
   757                           	line	47
   758                           	
   759  074E                     l2111:	
   760                           ;uart_driver.c: 47: return RCREG;
   761  074E  081A               	movf	(26),w	;volatile
   762                           	
   763  074F                     l2113:	
   764                           	line	49
   765                           	
   766  074F                     l1159:	
   767  074F  0008               	return
   768                           	opt stack 0
   769                           GLOBAL	__end_of_uart_read
   770  0750                     	__end_of_uart_read:
   771 ;; =============== function _uart_read ends ============
   772                           
   773                           	signat	_uart_read,89
   774                           	global	_uart_init
   775                           psect	text126,local,class=CODE,delta=2
   776                           global __ptext126
   777  075E                     __ptext126:
   778                           
   779 ;; *************** function _uart_init *****************
   780 ;; Defined at:
   781 ;;		line 12 in file "C:\Users\user.user-PC\Desktop\Devlps\PIC-MCU\Baremetal_Code\core\drv\uart\src\uart_driver.c"
   782 ;; Parameters:    Size  Location     Type
   783 ;;		None
   784 ;; Auto vars:     Size  Location     Type
   785 ;;		None
   786 ;; Return value:  Size  Location     Type
   787 ;;		None               void
   788 ;; Registers used:
   789 ;;		wreg
   790 ;; Tracked objects:
   791 ;;		On entry : 0/0
   792 ;;		On exit  : 0/0
   793 ;;		Unchanged: 0/0
   794 ;; Data sizes:     COMMON   BANK0   BANK1   BANK3   BANK2
   795 ;;      Params:         0       0       0       0       0
   796 ;;      Locals:         0       0       0       0       0
   797 ;;      Temps:          0       0       0       0       0
   798 ;;      Totals:         0       0       0       0       0
   799 ;;Total ram usage:        0 bytes
   800 ;; Hardware stack levels used:    1
   801 ;; This function calls:
   802 ;;		Nothing
   803 ;; This function is called by:
   804 ;;		_main
   805 ;; This function uses a non-reentrant model
   806 ;;
   807                           psect	text126
   808                           	file	"C:\Users\user.user-PC\Desktop\Devlps\PIC-MCU\Baremetal_Code\core\drv\uart\src\uar
                                 t_driver.c"
   809                           	line	12
   810                           	global	__size_of_uart_init
   811  000F                     	__size_of_uart_init	equ	__end_of_uart_init-_uart_init
   812                           	
   813  075E                     _uart_init:	
   814                           	opt	stack 7
   815                           ; Regs used in _uart_init: [wreg]
   816                           	line	13
   817                           	
   818  075E                     l2107:	
   819                           ;uart_driver.c: 13: TRISC=0X80;
   820  075E  3080               	movlw	(080h)
   821  075F  1683               	bsf	status, 5	;RP0=1, select bank1
   822  0760  1303               	bcf	status, 6	;RP1=0, select bank1
   823  0761  0087               	movwf	(135)^080h	;volatile
   824                           	line	14
   825                           ;uart_driver.c: 14: TXSTA=0X26;
   826  0762  3026               	movlw	(026h)
   827  0763  0098               	movwf	(152)^080h	;volatile
   828                           	line	15
   829                           ;uart_driver.c: 15: RCSTA=0X90;
   830  0764  3090               	movlw	(090h)
   831  0765  1283               	bcf	status, 5	;RP0=0, select bank0
   832  0766  1303               	bcf	status, 6	;RP1=0, select bank0
   833  0767  0098               	movwf	(24)	;volatile
   834                           	line	16
   835                           ;uart_driver.c: 16: SPBRG=25;
   836  0768  3019               	movlw	(019h)
   837  0769  1683               	bsf	status, 5	;RP0=1, select bank1
   838  076A  1303               	bcf	status, 6	;RP1=0, select bank1
   839  076B  0099               	movwf	(153)^080h	;volatile
   840                           	line	18
   841                           	
   842  076C                     l1143:	
   843  076C  0008               	return
   844                           	opt stack 0
   845                           GLOBAL	__end_of_uart_init
   846  076D                     	__end_of_uart_init:
   847 ;; =============== function _uart_init ends ============
   848                           
   849                           	signat	_uart_init,88
   850                           	global	_delay1
   851                           psect	text127,local,class=CODE,delta=2
   852                           global __ptext127
   853  0795                     __ptext127:
   854                           
   855 ;; *************** function _delay1 *****************
   856 ;; Defined at:
   857 ;;		line 7 in file "C:\Users\user.user-PC\Desktop\Devlps\PIC-MCU\Baremetal_Code\app\src\uart_rx.c"
   858 ;; Parameters:    Size  Location     Type
   859 ;;		None
   860 ;; Auto vars:     Size  Location     Type
   861 ;;  j               2    0[COMMON] unsigned int 
   862 ;;  i               2    0        unsigned int 
   863 ;; Return value:  Size  Location     Type
   864 ;;		None               void
   865 ;; Registers used:
   866 ;;		wreg
   867 ;; Tracked objects:
   868 ;;		On entry : 0/0
   869 ;;		On exit  : 0/0
   870 ;;		Unchanged: 0/0
   871 ;; Data sizes:     COMMON   BANK0   BANK1   BANK3   BANK2
   872 ;;      Params:         0       0       0       0       0
   873 ;;      Locals:         2       0       0       0       0
   874 ;;      Temps:          0       0       0       0       0
   875 ;;      Totals:         2       0       0       0       0
   876 ;;Total ram usage:        2 bytes
   877 ;; Hardware stack levels used:    1
   878 ;; This function calls:
   879 ;;		Nothing
   880 ;; This function is called by:
   881 ;;		_main
   882 ;; This function uses a non-reentrant model
   883 ;;
   884                           psect	text127
   885                           	file	"C:\Users\user.user-PC\Desktop\Devlps\PIC-MCU\Baremetal_Code\app\src\uart_rx.c"
   886                           	line	7
   887                           	global	__size_of_delay1
   888  001E                     	__size_of_delay1	equ	__end_of_delay1-_delay1
   889                           	
   890  0795                     _delay1:	
   891                           	opt	stack 7
   892                           ; Regs used in _delay1: [wreg]
   893                           	line	9
   894                           	
   895  0795                     l2101:	
   896                           ;uart_rx.c: 8: unsigned int i,j;
   897                           ;uart_rx.c: 9: for (j=0; j<1000; j++);
   898  0795  3000               	movlw	low(0)
   899  0796  00F0               	movwf	(delay1@j)
   900  0797  3000               	movlw	high(0)
   901  0798  00F1               	movwf	((delay1@j))+1
   902  0799  3003               	movlw	high(03E8h)
   903  079A  0271               	subwf	(delay1@j+1),w
   904  079B  30E8               	movlw	low(03E8h)
   905  079C  1903               	skipnz
   906  079D  0270               	subwf	(delay1@j),w
   907  079E  1C03               	skipc
   908  079F  2FA1               	goto	u11
   909  07A0  2FA2               	goto	u10
   910  07A1                     u11:
   911  07A1  2FA3               	goto	l571
   912  07A2                     u10:
   913                           	
   914  07A2                     l2103:	
   915  07A2  2FB2               	goto	l572
   916                           	
   917  07A3                     l571:	
   918                           	
   919  07A3                     l2105:	
   920  07A3  3001               	movlw	low(01h)
   921  07A4  07F0               	addwf	(delay1@j),f
   922  07A5  1803               	skipnc
   923  07A6  0AF1               	incf	(delay1@j+1),f
   924  07A7  3000               	movlw	high(01h)
   925  07A8  07F1               	addwf	(delay1@j+1),f
   926  07A9  3003               	movlw	high(03E8h)
   927  07AA  0271               	subwf	(delay1@j+1),w
   928  07AB  30E8               	movlw	low(03E8h)
   929  07AC  1903               	skipnz
   930  07AD  0270               	subwf	(delay1@j),w
   931  07AE  1C03               	skipc
   932  07AF  2FB1               	goto	u21
   933  07B0  2FB2               	goto	u20
   934  07B1                     u21:
   935  07B1  2FA3               	goto	l571
   936  07B2                     u20:
   937                           	
   938  07B2                     l572:	
   939                           	line	10
   940                           	
   941  07B2                     l573:	
   942  07B2  0008               	return
   943                           	opt stack 0
   944                           GLOBAL	__end_of_delay1
   945  07B3                     	__end_of_delay1:
   946 ;; =============== function _delay1 ends ============
   947                           
   948                           	signat	_delay1,88
   949                           psect	text128,local,class=CODE,delta=2
   950                           global __ptext128
   951  0000                     __ptext128:
   952                           	global	btemp
   953  007E                     	btemp set 07Eh
   954                           
   955                           	DABS	1,126,2	;btemp
   956                           	global	wtemp0
   957  007E                     	wtemp0 set btemp


HI-TECH Software PICC Macro Assembler V9.71a build 6446 
Symbol Table                                                                                   Fri Oct 23 17:52:52 2020

        lcd_char@data 0072                    u10 07A2                    u11 07A1                    u20 07B2  
                  u21 07B1                    u30 074D                    u31 074C                    fsr 0004  
                 l571 07A3                   l572 07B2                   l573 07B2                   l576 07E3  
                 l577 07FC                   l578 07FD                   l579 07FD                   _RE0 0048  
                 _RE2 004A                   fsr0 0004                   indf 0000                  l2101 0795  
                l2103 07A2                  l1143 076C                  l2111 074E                  l2105 07A3  
                l2113 074F                  l2107 075E                  l1156 0747                  l1157 0747  
                l2109 0746                  l1158 074D                  l1159 074F                  l1720 0794  
                l1723 0780                  l1732 07D3                  l2931 076E                  l2933 0771  
                l2941 0785                  l2935 0773                  l2943 0787                  l2951 07B8  
                l2937 077D                  l2945 0791                  l2961 07CD                  l2953 07BB  
                l2939 0782                  l2955 07BE                  l2947 07B3                  l2963 07D4  
                l2957 07C1                  l2949 07B7                  l2965 07E3                  l2959 07C7  
                l2967 07EF                  l2969 07F8                  u2247 078C                  u2257 0778  
                _RCIF 0065                  _SPEN 00C7                  _TRMT 04C1                  _TXEN 04C5  
                _main 07D4                  _temp 0020                  btemp 007E                  start 0000  
               ?_main 0070                 _RCREG 001A                 _RCSTA 0018                 _SPBRG 0099  
               _PORTB 0006                 _PORTE 0009                 _TRISB 0086                 _TRISC 0087  
               _TRISE 0089                 _TXREG 0019                 _TXSTA 0098       __end_of_lcd_cmd 0795  
               _index 0074                 status 0003                 wtemp0 007E          __end_of_main 0800  
              ??_main 0073                _ADCON1 009F      __end_of_lcd_char 0781      __end_of_lcd_init 07D4  
              _delay1 0795             ??_lcd_cmd 0070                clrloop 073F        __pcstackCOMMON 0070  
          __pbssBANK0 0020            __pmaintext 07D4               ?_delay1 0070    __size_of_uart_init 000F  
  __size_of_uart_read 000A             ?_lcd_char 0070             ?_lcd_init 0070       __size_of_delay1 001E  
             _lcd_cmd 0781               delay1@j 0070            ??_lcd_char 0070            ??_lcd_init 0073  
end_of_initialization 075A     __end_of_uart_init 076D     __end_of_uart_read 0750            lcd_cmd@cmd 0072  
      __end_of_delay1 07B3   start_initialization 0750              ??_delay1 0070           __pbssCOMMON 0074  
   __size_of_lcd_char 0014     __size_of_lcd_init 0021             __ptext121 0000             __ptext122 07B3  
           __ptext123 0781             __ptext124 076D             __ptext125 0746             __ptext126 075E  
           __ptext127 0795             __ptext128 0000              ?_lcd_cmd 0070             _uart_init 075E  
           _uart_read 0746            ?_uart_init 0070            ?_uart_read 0070      __size_of_lcd_cmd 0014  
            _lcd_char 076D              _lcd_init 07B3         __size_of_main 002C              clear_ram 073E  
         ??_uart_init 0070           ??_uart_read 0070  
