

HI-TECH Software PIC LITE Macro Assembler V9.71a build 6446 
                                                                                               Fri Oct 23 18:24:29 2020

HI-TECH Software Omniscient Code Generator (Lite mode) build 6446
     1  0000                     opt subtitle "HI-TECH Software Omniscient Code Generator (Lite mode) build 6446"
     2                           
     3                           opt pagewidth 120
     4                           
     5                           	opt lm
     6                           
     7                           	processor	16F877A
     8                           clrc	macro
     9                           	bcf	3,0
    10  0000                     	endm
    11                           clrz	macro
    12                           	bcf	3,2
    13  0000                     	endm
    14                           setc	macro
    15                           	bsf	3,0
    16  0000                     	endm
    17                           setz	macro
    18                           	bsf	3,2
    19  0000                     	endm
    20                           skipc	macro
    21                           	btfss	3,0
    22  0000                     	endm
    23                           skipz	macro
    24                           	btfss	3,2
    25  0000                     	endm
    26                           skipnc	macro
    27                           	btfsc	3,0
    28  0000                     	endm
    29                           skipnz	macro
    30                           	btfsc	3,2
    31  0000                     	endm
    32  0000                     indf	equ	0
    33  0000                     indf0	equ	0
    34  0002                     pc	equ	2
    35  0002                     pcl	equ	2
    36  0003                     status	equ	3
    37  0004                     fsr	equ	4
    38  0004                     fsr0	equ	4
    39  0001                     c	equ	1
    40  0000                     z	equ	0
    41  000A                     pclath	equ	10
    42                           	FNCALL	_main,_spi_master_init
    43                           	FNCALL	_main,_master_write
    44                           	FNCALL	_main,_master_write_string
    45                           	FNCALL	_master_write_string,_master_write
    46                           	FNCALL	_master_write_string,_delay
    47                           	FNROOT	_main
    48                           	global	_data
    49                           	global	_index
    50                           	global	_temp
    51                           	global	_SSPBUF
    52                           psect	text82,local,class=CODE,delta=2
    53                           global __ptext82
    54  0000                     __ptext82:
    55  0013                     _SSPBUF	set	19
    56                           	global	_SSPCON
    57  0014                     _SSPCON	set	20
    58                           	global	_SSPIF
    59  0063                     _SSPIF	set	99
    60                           	global	_SSPSTAT
    61  0094                     _SSPSTAT	set	148
    62                           	global	_TRISC
    63  0087                     _TRISC	set	135
    64                           psect	strings,class=STRING,delta=2
    65                           global __pstrings
    66  0003                     __pstrings:
    67                           ;	global	stringdir,stringtab,__stringbase
    68  0003                     stringtab:
    69                           ;	String table - string pointers are 1 byte each
    70  0003                     stringcode:stringdir:
      + 0003                     stringdir:	
    71  0003  3000               movlw high(stringdir)
    72  0004  008A               movwf pclath
    73  0005  0804               movf fsr,w
    74  0006  0A84               incf fsr
    75  0007  0782               	addwf pc
    76  0008                     __stringbase:
    77  0008  3400               	retlw	0
    78                           psect	strings
    79                           	
    80  0009                     STR_1:	
    81  0009  3468               	retlw	104	;'h'
    82  000A  3465               	retlw	101	;'e'
    83  000B  346C               	retlw	108	;'l'
    84  000C  346C               	retlw	108	;'l'
    85  000D  346F               	retlw	111	;'o'
    86  000E  3420               	retlw	32	;' '
    87  000F  3477               	retlw	119	;'w'
    88  0010  346F               	retlw	111	;'o'
    89  0011  3472               	retlw	114	;'r'
    90  0012  346C               	retlw	108	;'l'
    91  0013  3464               	retlw	100	;'d'
    92  0014  3400               	retlw	0
    93                           psect	strings
    94                           	file	"spi.as"
    95                           	line	#
    96                           psect cinit,class=CODE,delta=2
    97                           global start_initialization
    98  0748                     start_initialization:
    99                           
   100                           psect	bssCOMMON,class=COMMON,space=1
   101                           global __pbssCOMMON
   102  0077                     __pbssCOMMON:
   103  0077                     _index:
   104  0077                            ds      1
   105                           
   106  0078                     _temp:
   107  0078                            ds      1
   108                           
   109                           psect	bssBANK0,class=BANK0,space=1
   110                           global __pbssBANK0
   111  0020                     __pbssBANK0:
   112  0020                     _data:
   113  0020                            ds      32
   114                           
   115                           psect clrtext,class=CODE,delta=2
   116                           global clear_ram
   117                           ;	Called with FSR containing the base address, and
   118                           ;	W with the last address+1
   119  0728                     clear_ram:
   120  0728  0064               	clrwdt			;clear the watchdog before getting into this loop
   121  0729                     clrloop:
   122  0729  0180               	clrf	indf		;clear RAM location pointed to by FSR
   123  072A  0A84               	incf	fsr,f		;increment pointer
   124  072B  0604               	xorwf	fsr,w		;XOR with final address
   125  072C  1903               	btfsc	status,2	;have we reached the end yet?
   126  072D  3400               	retlw	0		;all done for this memory range, return
   127  072E  0604               	xorwf	fsr,w		;XOR again to restore value
   128  072F  2F29               	goto	clrloop		;do the next byte
   129                           
   130                           ; Clear objects allocated to COMMON
   131                           psect cinit,class=CODE,delta=2
   132  0748  01F7               	clrf	((__pbssCOMMON)+0)&07Fh
   133  0749  01F8               	clrf	((__pbssCOMMON)+1)&07Fh
   134                           ; Clear objects allocated to BANK0
   135                           psect cinit,class=CODE,delta=2
   136  074A  1383               	bcf	status, 7	;select IRP bank0
   137  074B  3020               	movlw	low(__pbssBANK0)
   138  074C  0084               	movwf	fsr
   139  074D  3040               	movlw	low((__pbssBANK0)+020h)
   140  074E  120A  118A  2728   	fcall	clear_ram
              120A  118A         
   141                           psect cinit,class=CODE,delta=2
   142                           global end_of_initialization
   143                           
   144                           ;End of C runtime variable initialization code
   145                           
   146  0753                     end_of_initialization:
   147  0753  0183               clrf status
   148  0754  120A  118A  2F9D   ljmp _main	;jump to C main() function
   149                           psect	cstackCOMMON,class=COMMON,space=1
   150                           global __pcstackCOMMON
   151  0070                     __pcstackCOMMON:
   152                           	global	?_spi_master_init
   153  0070                     ?_spi_master_init:	; 0 bytes @ 0x0
   154                           	global	??_spi_master_init
   155  0070                     ??_spi_master_init:	; 0 bytes @ 0x0
   156                           	global	?_master_write
   157  0070                     ?_master_write:	; 0 bytes @ 0x0
   158                           	global	??_master_write
   159  0070                     ??_master_write:	; 0 bytes @ 0x0
   160                           	global	?_master_write_string
   161  0070                     ?_master_write_string:	; 0 bytes @ 0x0
   162                           	global	?_main
   163  0070                     ?_main:	; 0 bytes @ 0x0
   164                           	global	?_delay
   165  0070                     ?_delay:	; 0 bytes @ 0x0
   166                           	global	??_delay
   167  0070                     ??_delay:	; 0 bytes @ 0x0
   168                           	global	master_write@data
   169  0070                     master_write@data:	; 1 bytes @ 0x0
   170                           	global	delay@delay
   171  0070                     delay@delay:	; 2 bytes @ 0x0
   172  0070                     	ds	2
   173                           	global	??_master_write_string
   174  0072                     ??_master_write_string:	; 0 bytes @ 0x2
   175  0072                     	ds	1
   176                           	global	master_write_string@data
   177  0073                     master_write_string@data:	; 1 bytes @ 0x3
   178  0073                     	ds	1
   179                           	global	??_main
   180  0074                     ??_main:	; 0 bytes @ 0x4
   181  0074                     	ds	3
   182 ;;Data sizes: Strings 12, constant 0, data 0, bss 34, persistent 0 stack 0
   183 ;;Auto spaces:   Size  Autos    Used
   184 ;; COMMON          14      7       9
   185 ;; BANK0           80      0      32
   186 ;; BANK1           80      0       0
   187 ;; BANK3           96      0       0
   188 ;; BANK2           96      0       0
   189                           
   190 ;;
   191 ;; Pointer list with targets:
   192                           
   193 ;; master_write_string@data	PTR const unsigned char  size(1) Largest target is 12
   194 ;;		 -> STR_1(CODE[12]), 
   195 ;;
   196                           
   197                           
   198 ;;
   199 ;; Critical Paths under _main in COMMON
   200 ;;
   201 ;;   _main->_master_write_string
   202 ;;   _master_write_string->_delay
   203 ;;
   204 ;; Critical Paths under _main in BANK0
   205 ;;
   206 ;;   None.
   207 ;;
   208 ;; Critical Paths under _main in BANK1
   209 ;;
   210 ;;   None.
   211 ;;
   212 ;; Critical Paths under _main in BANK3
   213 ;;
   214 ;;   None.
   215 ;;
   216 ;; Critical Paths under _main in BANK2
   217 ;;
   218 ;;   None.
   219                           
   220 ;;
   221 ;;Main: autosize = 0, tempsize = 3, incstack = 0, save=0
   222 ;;
   223                           
   224 ;;
   225 ;;Call Graph Tables:
   226 ;;
   227 ;; ---------------------------------------------------------------------------------
   228 ;; (Depth) Function   	        Calls       Base Space   Used Autos Params    Refs
   229 ;; ---------------------------------------------------------------------------------
   230 ;; (0) _main                                                 3     3      0      90
   231 ;;                                              4 COMMON     3     3      0
   232 ;;                    _spi_master_init
   233 ;;                       _master_write
   234 ;;                _master_write_string
   235 ;; ---------------------------------------------------------------------------------
   236 ;; (1) _master_write_string                                  2     2      0      75
   237 ;;                                              2 COMMON     2     2      0
   238 ;;                       _master_write
   239 ;;                              _delay
   240 ;; ---------------------------------------------------------------------------------
   241 ;; (2) _delay                                                2     2      0      30
   242 ;;                                              0 COMMON     2     2      0
   243 ;; ---------------------------------------------------------------------------------
   244 ;; (2) _master_write                                         1     1      0      15
   245 ;;                                              0 COMMON     1     1      0
   246 ;; ---------------------------------------------------------------------------------
   247 ;; (1) _spi_master_init                                      0     0      0       0
   248 ;; ---------------------------------------------------------------------------------
   249 ;; Estimated maximum stack depth 2
   250 ;; ---------------------------------------------------------------------------------
   251                           
   252 ;; Call Graph Graphs:
   253                           
   254 ;; _main (ROOT)
   255 ;;   _spi_master_init
   256 ;;   _master_write
   257 ;;   _master_write_string
   258 ;;     _master_write
   259 ;;     _delay
   260 ;;
   261                           
   262 ;; Address spaces:
   263                           
   264 ;;Name               Size   Autos  Total    Cost      Usage
   265 ;;BITCOMMON            E      0       0       0        0.0%
   266 ;;EEDATA             100      0       0       0        0.0%
   267 ;;NULL                 0      0       0       0        0.0%
   268 ;;CODE                 0      0       0       0        0.0%
   269 ;;COMMON               E      7       9       1       64.3%
   270 ;;BITSFR0              0      0       0       1        0.0%
   271 ;;SFR0                 0      0       0       1        0.0%
   272 ;;BITSFR1              0      0       0       2        0.0%
   273 ;;SFR1                 0      0       0       2        0.0%
   274 ;;STACK                0      0       2       2        0.0%
   275 ;;ABS                  0      0      29       3        0.0%
   276 ;;BITBANK0            50      0       0       4        0.0%
   277 ;;BITSFR3              0      0       0       4        0.0%
   278 ;;SFR3                 0      0       0       4        0.0%
   279 ;;BANK0               50      0      20       5       40.0%
   280 ;;BITSFR2              0      0       0       5        0.0%
   281 ;;SFR2                 0      0       0       5        0.0%
   282 ;;BITBANK1            50      0       0       6        0.0%
   283 ;;BANK1               50      0       0       7        0.0%
   284 ;;BITBANK3            60      0       0       8        0.0%
   285 ;;BANK3               60      0       0       9        0.0%
   286 ;;BITBANK2            60      0       0      10        0.0%
   287 ;;BANK2               60      0       0      11        0.0%
   288 ;;DATA                 0      0      2B      12        0.0%
   289                           
   290                           	global	_main
   291                           psect	maintext,global,class=CODE,delta=2
   292                           global __pmaintext
   293  079D                     __pmaintext:
   294                           
   295 ;; *************** function _main *****************
   296 ;; Defined at:
   297 ;;		line 8 in file "C:\Users\user.user-PC\Desktop\Devlps\PIC-MCU\Baremetal_Code\app\src\spi_master.c"
   298 ;; Parameters:    Size  Location     Type
   299 ;;		None
   300 ;; Auto vars:     Size  Location     Type
   301 ;;		None
   302 ;; Return value:  Size  Location     Type
   303 ;;		None               void
   304 ;; Registers used:
   305 ;;		wreg, fsr0l, fsr0h, status,2, status,0, pclath, cstack
   306 ;; Tracked objects:
   307 ;;		On entry : 17F/0
   308 ;;		On exit  : 0/0
   309 ;;		Unchanged: 0/0
   310 ;; Data sizes:     COMMON   BANK0   BANK1   BANK3   BANK2
   311 ;;      Params:         0       0       0       0       0
   312 ;;      Locals:         0       0       0       0       0
   313 ;;      Temps:          3       0       0       0       0
   314 ;;      Totals:         3       0       0       0       0
   315 ;;Total ram usage:        3 bytes
   316 ;; Hardware stack levels required when called:    2
   317 ;; This function calls:
   318 ;;		_spi_master_init
   319 ;;		_master_write
   320 ;;		_master_write_string
   321 ;; This function is called by:
   322 ;;		Startup code after reset
   323 ;; This function uses a non-reentrant model
   324 ;;
   325                           psect	maintext
   326                           	file	"C:\Users\user.user-PC\Desktop\Devlps\PIC-MCU\Baremetal_Code\app\src\spi_master.c"
   327                           	line	8
   328                           	global	__size_of_main
   329  0063                     	__size_of_main	equ	__end_of_main-_main
   330                           	
   331  079D                     _main:	
   332                           	opt	stack 8
   333                           ; Regs used in _main: [wreg-fsr0h+status,2+status,0+pclath+cstack]
   334                           	line	10
   335                           	
   336  079D                     l2352:	
   337                           ;spi_master.c: 10: spi_master_init();
   338  079D  120A  118A  2730   	fcall	_spi_master_init
              120A  118A         
   339                           	line	12
   340                           	
   341  07A2                     l2354:	
   342                           ;spi_master.c: 12: _delay((unsigned long)((500)*(4000000/4000.0)));
   343                           	opt asmopt_off
   344  07A2  3003               movlw  3
   345  07A3  00F6               movwf	((??_main+0)+0+2),f
   346  07A4  3088               movlw	136
   347  07A5  00F5               movwf	((??_main+0)+0+1),f
   348  07A6  3056               	movlw	86
   349  07A7  00F4               movwf	((??_main+0)+0),f
   350  07A8                     u2197:
   351  07A8  0BF4               	decfsz	((??_main+0)+0),f
   352  07A9  2FA8               	goto	u2197
   353  07AA  0BF5               	decfsz	((??_main+0)+0+1),f
   354  07AB  2FA8               	goto	u2197
   355  07AC  0BF6               	decfsz	((??_main+0)+0+2),f
   356  07AD  2FA8               	goto	u2197
   357                           opt asmopt_on
   358                           
   359                           	line	14
   360                           	
   361  07AE                     l2356:	
   362                           ;spi_master.c: 14: master_write('0');_delay((unsigned long)((200)*(4000000/4000.0)));
   363  07AE  3030               	movlw	(030h)
   364  07AF  120A  118A  273C   	fcall	_master_write
              120A  118A         
   365                           	opt asmopt_off
   366  07B4  3002               movlw  2
   367  07B5  00F6               movwf	((??_main+0)+0+2),f
   368  07B6  3003               movlw	3
   369  07B7  00F5               movwf	((??_main+0)+0+1),f
   370  07B8  30BA               	movlw	186
   371  07B9  00F4               movwf	((??_main+0)+0),f
   372  07BA                     u2207:
   373  07BA  0BF4               	decfsz	((??_main+0)+0),f
   374  07BB  2FBA               	goto	u2207
   375  07BC  0BF5               	decfsz	((??_main+0)+0+1),f
   376  07BD  2FBA               	goto	u2207
   377  07BE  0BF6               	decfsz	((??_main+0)+0+2),f
   378  07BF  2FBA               	goto	u2207
   379                           opt asmopt_on
   380                           
   381                           	line	15
   382                           	
   383  07C0                     l2358:	
   384                           ;spi_master.c: 15: master_write('1');_delay((unsigned long)((200)*(4000000/4000.0)));
   385  07C0  3031               	movlw	(031h)
   386  07C1  120A  118A  273C   	fcall	_master_write
              120A  118A         
   387                           	
   388  07C6                     l2360:	
   389                           	opt asmopt_off
   390  07C6  3002               movlw  2
   391  07C7  00F6               movwf	((??_main+0)+0+2),f
   392  07C8  3003               movlw	3
   393  07C9  00F5               movwf	((??_main+0)+0+1),f
   394  07CA  30BA               	movlw	186
   395  07CB  00F4               movwf	((??_main+0)+0),f
   396  07CC                     u2217:
   397  07CC  0BF4               	decfsz	((??_main+0)+0),f
   398  07CD  2FCC               	goto	u2217
   399  07CE  0BF5               	decfsz	((??_main+0)+0+1),f
   400  07CF  2FCC               	goto	u2217
   401  07D0  0BF6               	decfsz	((??_main+0)+0+2),f
   402  07D1  2FCC               	goto	u2217
   403                           opt asmopt_on
   404                           
   405                           	line	16
   406                           ;spi_master.c: 16: master_write('2');_delay((unsigned long)((200)*(4000000/4000.0)));
   407  07D2  3032               	movlw	(032h)
   408  07D3  120A  118A  273C   	fcall	_master_write
              120A  118A         
   409                           	
   410  07D8                     l2362:	
   411                           	opt asmopt_off
   412  07D8  3002               movlw  2
   413  07D9  00F6               movwf	((??_main+0)+0+2),f
   414  07DA  3003               movlw	3
   415  07DB  00F5               movwf	((??_main+0)+0+1),f
   416  07DC  30BA               	movlw	186
   417  07DD  00F4               movwf	((??_main+0)+0),f
   418  07DE                     u2227:
   419  07DE  0BF4               	decfsz	((??_main+0)+0),f
   420  07DF  2FDE               	goto	u2227
   421  07E0  0BF5               	decfsz	((??_main+0)+0+1),f
   422  07E1  2FDE               	goto	u2227
   423  07E2  0BF6               	decfsz	((??_main+0)+0+2),f
   424  07E3  2FDE               	goto	u2227
   425                           opt asmopt_on
   426                           
   427                           	line	17
   428                           	
   429  07E4                     l2364:	
   430                           ;spi_master.c: 17: master_write('3');_delay((unsigned long)((200)*(4000000/4000.0)));
   431  07E4  3033               	movlw	(033h)
   432  07E5  120A  118A  273C   	fcall	_master_write
              120A  118A         
   433                           	opt asmopt_off
   434  07EA  3002               movlw  2
   435  07EB  00F6               movwf	((??_main+0)+0+2),f
   436  07EC  3003               movlw	3
   437  07ED  00F5               movwf	((??_main+0)+0+1),f
   438  07EE  30BA               	movlw	186
   439  07EF  00F4               movwf	((??_main+0)+0),f
   440  07F0                     u2237:
   441  07F0  0BF4               	decfsz	((??_main+0)+0),f
   442  07F1  2FF0               	goto	u2237
   443  07F2  0BF5               	decfsz	((??_main+0)+0+1),f
   444  07F3  2FF0               	goto	u2237
   445  07F4  0BF6               	decfsz	((??_main+0)+0+2),f
   446  07F5  2FF0               	goto	u2237
   447                           opt asmopt_on
   448                           
   449                           	line	19
   450                           	
   451  07F6                     l2366:	
   452                           ;spi_master.c: 19: master_write_string("hello world");
   453  07F6  3001               	movlw	((STR_1-__stringbase))&0ffh
   454  07F7  120A  118A  2779   	fcall	_master_write_string
              120A  118A         
   455                           	line	21
   456                           ;spi_master.c: 21: while(1);
   457                           	
   458  07FC                     l567:	
   459                           	
   460  07FC                     l568:	
   461  07FC  2FFC               	goto	l567
   462                           	
   463  07FD                     l569:	
   464                           	line	22
   465                           	
   466  07FD                     l570:	
   467                           	global	start
   468  07FD  120A  118A  2800   	ljmp	start
   469                           	opt stack 0
   470                           GLOBAL	__end_of_main
   471  0800                     	__end_of_main:
   472 ;; =============== function _main ends ============
   473                           
   474                           	signat	_main,88
   475                           	global	_master_write_string
   476                           psect	text83,local,class=CODE,delta=2
   477                           global __ptext83
   478  0779                     __ptext83:
   479                           
   480 ;; *************** function _master_write_string *****************
   481 ;; Defined at:
   482 ;;		line 42 in file "C:\Users\user.user-PC\Desktop\Devlps\PIC-MCU\Baremetal_Code\core\drv\spi\src\spi_driver.c"
   483 ;; Parameters:    Size  Location     Type
   484 ;;  data            1    wreg     PTR const unsigned char 
   485 ;;		 -> STR_1(12), 
   486 ;; Auto vars:     Size  Location     Type
   487 ;;  data            1    3[COMMON] PTR const unsigned char 
   488 ;;		 -> STR_1(12), 
   489 ;; Return value:  Size  Location     Type
   490 ;;		None               void
   491 ;; Registers used:
   492 ;;		wreg, fsr0l, fsr0h, status,2, status,0, pclath, cstack
   493 ;; Tracked objects:
   494 ;;		On entry : 0/0
   495 ;;		On exit  : 0/0
   496 ;;		Unchanged: 0/0
   497 ;; Data sizes:     COMMON   BANK0   BANK1   BANK3   BANK2
   498 ;;      Params:         0       0       0       0       0
   499 ;;      Locals:         1       0       0       0       0
   500 ;;      Temps:          1       0       0       0       0
   501 ;;      Totals:         2       0       0       0       0
   502 ;;Total ram usage:        2 bytes
   503 ;; Hardware stack levels used:    1
   504 ;; Hardware stack levels required when called:    1
   505 ;; This function calls:
   506 ;;		_master_write
   507 ;;		_delay
   508 ;; This function is called by:
   509 ;;		_main
   510 ;; This function uses a non-reentrant model
   511 ;;
   512                           psect	text83
   513                           	file	"C:\Users\user.user-PC\Desktop\Devlps\PIC-MCU\Baremetal_Code\core\drv\spi\src\spi_
                                 driver.c"
   514                           	line	42
   515                           	global	__size_of_master_write_string
   516  0024                     	__size_of_master_write_string	equ	__end_of_master_write_string-_master_write_string
   517                           	
   518  0779                     _master_write_string:	
   519                           	opt	stack 7
   520                           ; Regs used in _master_write_string: [wreg-fsr0h+status,2+status,0+pclath+cstack]
   521                           ;master_write_string@data stored from wreg
   522  0779  00F3               	movwf	(master_write_string@data)
   523                           	line	43
   524                           	
   525  077A                     l2342:	
   526                           ;spi_driver.c: 43: while(*data)
   527  077A  2F90               	goto	l1152
   528                           	
   529  077B                     l1153:	
   530                           	line	45
   531                           	
   532  077B                     l2344:	
   533                           ;spi_driver.c: 44: {
   534                           ;spi_driver.c: 45: master_write(*data++);
   535  077B  0873               	movf	(master_write_string@data),w
   536  077C  0084               	movwf	fsr0
   537  077D  120A  118A  2003   	fcall	stringdir
              120A  118A         
   538  0782  120A  118A  273C   	fcall	_master_write
              120A  118A         
   539                           	
   540  0787                     l2346:	
   541  0787  3001               	movlw	(01h)
   542  0788  00F2               	movwf	(??_master_write_string+0)+0
   543  0789  0872               	movf	(??_master_write_string+0)+0,w
   544  078A  07F3               	addwf	(master_write_string@data),f
   545                           	line	46
   546                           	
   547  078B                     l2348:	
   548                           ;spi_driver.c: 46: delay();
   549  078B  120A  118A  2757   	fcall	_delay
              120A  118A         
   550                           	line	47
   551                           	
   552  0790                     l1152:	
   553                           	line	43
   554                           	
   555  0790                     l2350:	
   556  0790  0873               	movf	(master_write_string@data),w
   557  0791  0084               	movwf	fsr0
   558  0792  120A  118A  2003   	fcall	stringdir
              120A  118A         
   559  0797  3800               	iorlw	0
   560  0798  1D03               	skipz
   561  0799  2F9B               	goto	u2181
   562  079A  2F9C               	goto	u2180
   563  079B                     u2181:
   564  079B  2F7B               	goto	l1153
   565  079C                     u2180:
   566                           	
   567  079C                     l1154:	
   568                           	line	48
   569                           	
   570  079C                     l1155:	
   571  079C  0008               	return
   572                           	opt stack 0
   573                           GLOBAL	__end_of_master_write_string
   574  079D                     	__end_of_master_write_string:
   575 ;; =============== function _master_write_string ends ============
   576                           
   577                           	signat	_master_write_string,4216
   578                           	global	_delay
   579                           psect	text84,local,class=CODE,delta=2
   580                           global __ptext84
   581  0757                     __ptext84:
   582                           
   583 ;; *************** function _delay *****************
   584 ;; Defined at:
   585 ;;		line 7 in file "C:\Users\user.user-PC\Desktop\Devlps\PIC-MCU\Baremetal_Code\core\drv\spi\src\spi_driver.c"
   586 ;; Parameters:    Size  Location     Type
   587 ;;		None
   588 ;; Auto vars:     Size  Location     Type
   589 ;;  delay           2    0[COMMON] unsigned int 
   590 ;; Return value:  Size  Location     Type
   591 ;;		None               void
   592 ;; Registers used:
   593 ;;		wreg
   594 ;; Tracked objects:
   595 ;;		On entry : 0/0
   596 ;;		On exit  : 0/0
   597 ;;		Unchanged: 0/0
   598 ;; Data sizes:     COMMON   BANK0   BANK1   BANK3   BANK2
   599 ;;      Params:         0       0       0       0       0
   600 ;;      Locals:         2       0       0       0       0
   601 ;;      Temps:          0       0       0       0       0
   602 ;;      Totals:         2       0       0       0       0
   603 ;;Total ram usage:        2 bytes
   604 ;; Hardware stack levels used:    1
   605 ;; This function calls:
   606 ;;		Nothing
   607 ;; This function is called by:
   608 ;;		_master_write_string
   609 ;; This function uses a non-reentrant model
   610 ;;
   611                           psect	text84
   612                           	file	"C:\Users\user.user-PC\Desktop\Devlps\PIC-MCU\Baremetal_Code\core\drv\spi\src\spi_
                                 driver.c"
   613                           	line	7
   614                           	global	__size_of_delay
   615  0022                     	__size_of_delay	equ	__end_of_delay-_delay
   616                           	
   617  0757                     _delay:	
   618                           	opt	stack 6
   619                           ; Regs used in _delay: [wreg]
   620                           	line	8
   621                           	
   622  0757                     l1540:	
   623                           ;spi_driver.c: 8: unsigned int delay=0;
   624  0757  3000               	movlw	low(0)
   625  0758  00F0               	movwf	(delay@delay)
   626  0759  3000               	movlw	high(0)
   627  075A  00F1               	movwf	((delay@delay))+1
   628                           	line	9
   629                           ;spi_driver.c: 9: for(delay=0;delay<1000;delay++);
   630  075B  3000               	movlw	low(0)
   631  075C  00F0               	movwf	(delay@delay)
   632  075D  3000               	movlw	high(0)
   633  075E  00F1               	movwf	((delay@delay))+1
   634  075F  3003               	movlw	high(03E8h)
   635  0760  0271               	subwf	(delay@delay+1),w
   636  0761  30E8               	movlw	low(03E8h)
   637  0762  1903               	skipnz
   638  0763  0270               	subwf	(delay@delay),w
   639  0764  1C03               	skipc
   640  0765  2F67               	goto	u21
   641  0766  2F68               	goto	u20
   642  0767                     u21:
   643  0767  2F69               	goto	l1135
   644  0768                     u20:
   645                           	
   646  0768                     l1542:	
   647  0768  2F78               	goto	l1136
   648                           	
   649  0769                     l1135:	
   650                           	
   651  0769                     l1544:	
   652  0769  3001               	movlw	low(01h)
   653  076A  07F0               	addwf	(delay@delay),f
   654  076B  1803               	skipnc
   655  076C  0AF1               	incf	(delay@delay+1),f
   656  076D  3000               	movlw	high(01h)
   657  076E  07F1               	addwf	(delay@delay+1),f
   658  076F  3003               	movlw	high(03E8h)
   659  0770  0271               	subwf	(delay@delay+1),w
   660  0771  30E8               	movlw	low(03E8h)
   661  0772  1903               	skipnz
   662  0773  0270               	subwf	(delay@delay),w
   663  0774  1C03               	skipc
   664  0775  2F77               	goto	u31
   665  0776  2F78               	goto	u30
   666  0777                     u31:
   667  0777  2F69               	goto	l1135
   668  0778                     u30:
   669                           	
   670  0778                     l1136:	
   671                           	line	11
   672                           	
   673  0778                     l1137:	
   674  0778  0008               	return
   675                           	opt stack 0
   676                           GLOBAL	__end_of_delay
   677  0779                     	__end_of_delay:
   678 ;; =============== function _delay ends ============
   679                           
   680                           	signat	_delay,88
   681                           	global	_master_write
   682                           psect	text85,local,class=CODE,delta=2
   683                           global __ptext85
   684  073C                     __ptext85:
   685                           
   686 ;; *************** function _master_write *****************
   687 ;; Defined at:
   688 ;;		line 32 in file "C:\Users\user.user-PC\Desktop\Devlps\PIC-MCU\Baremetal_Code\core\drv\spi\src\spi_driver.c"
   689 ;; Parameters:    Size  Location     Type
   690 ;;  data            1    wreg     unsigned char 
   691 ;; Auto vars:     Size  Location     Type
   692 ;;  data            1    0[COMMON] unsigned char 
   693 ;; Return value:  Size  Location     Type
   694 ;;		None               void
   695 ;; Registers used:
   696 ;;		wreg
   697 ;; Tracked objects:
   698 ;;		On entry : 0/0
   699 ;;		On exit  : 0/0
   700 ;;		Unchanged: 0/0
   701 ;; Data sizes:     COMMON   BANK0   BANK1   BANK3   BANK2
   702 ;;      Params:         0       0       0       0       0
   703 ;;      Locals:         1       0       0       0       0
   704 ;;      Temps:          0       0       0       0       0
   705 ;;      Totals:         1       0       0       0       0
   706 ;;Total ram usage:        1 bytes
   707 ;; Hardware stack levels used:    1
   708 ;; This function calls:
   709 ;;		Nothing
   710 ;; This function is called by:
   711 ;;		_main
   712 ;;		_master_write_string
   713 ;; This function uses a non-reentrant model
   714 ;;
   715                           psect	text85
   716                           	file	"C:\Users\user.user-PC\Desktop\Devlps\PIC-MCU\Baremetal_Code\core\drv\spi\src\spi_
                                 driver.c"
   717                           	line	32
   718                           	global	__size_of_master_write
   719  000C                     	__size_of_master_write	equ	__end_of_master_write-_master_write
   720                           	
   721  073C                     _master_write:	
   722                           	opt	stack 6
   723                           ; Regs used in _master_write: [wreg]
   724                           ;master_write@data stored from wreg
   725                           	line	34
   726  073C  00F0               	movwf	(master_write@data)
   727                           	
   728  073D                     l1538:	
   729                           ;spi_driver.c: 34: SSPBUF=data;
   730  073D  0870               	movf	(master_write@data),w
   731  073E  1283               	bcf	status, 5	;RP0=0, select bank0
   732  073F  1303               	bcf	status, 6	;RP1=0, select bank0
   733  0740  0093               	movwf	(19)	;volatile
   734                           	line	35
   735                           ;spi_driver.c: 35: while(!SSPIF);
   736  0741  2F42               	goto	l1146
   737                           	
   738  0742                     l1147:	
   739                           	
   740  0742                     l1146:	
   741  0742  1D8C               	btfss	(99/8),(99)&7
   742  0743  2F45               	goto	u11
   743  0744  2F46               	goto	u10
   744  0745                     u11:
   745  0745  2F42               	goto	l1147
   746  0746                     u10:
   747                           	
   748  0746                     l1148:	
   749                           	line	36
   750                           ;spi_driver.c: 36: SSPIF=0;
   751  0746  118C               	bcf	(99/8),(99)&7
   752                           	line	39
   753                           	
   754  0747                     l1149:	
   755  0747  0008               	return
   756                           	opt stack 0
   757                           GLOBAL	__end_of_master_write
   758  0748                     	__end_of_master_write:
   759 ;; =============== function _master_write ends ============
   760                           
   761                           	signat	_master_write,4216
   762                           	global	_spi_master_init
   763                           psect	text86,local,class=CODE,delta=2
   764                           global __ptext86
   765  0730                     __ptext86:
   766                           
   767 ;; *************** function _spi_master_init *****************
   768 ;; Defined at:
   769 ;;		line 14 in file "C:\Users\user.user-PC\Desktop\Devlps\PIC-MCU\Baremetal_Code\core\drv\spi\src\spi_driver.c"
   770 ;; Parameters:    Size  Location     Type
   771 ;;		None
   772 ;; Auto vars:     Size  Location     Type
   773 ;;		None
   774 ;; Return value:  Size  Location     Type
   775 ;;		None               void
   776 ;; Registers used:
   777 ;;		wreg, status,2
   778 ;; Tracked objects:
   779 ;;		On entry : 0/0
   780 ;;		On exit  : 0/0
   781 ;;		Unchanged: 0/0
   782 ;; Data sizes:     COMMON   BANK0   BANK1   BANK3   BANK2
   783 ;;      Params:         0       0       0       0       0
   784 ;;      Locals:         0       0       0       0       0
   785 ;;      Temps:          0       0       0       0       0
   786 ;;      Totals:         0       0       0       0       0
   787 ;;Total ram usage:        0 bytes
   788 ;; Hardware stack levels used:    1
   789 ;; This function calls:
   790 ;;		Nothing
   791 ;; This function is called by:
   792 ;;		_main
   793 ;; This function uses a non-reentrant model
   794 ;;
   795                           psect	text86
   796                           	file	"C:\Users\user.user-PC\Desktop\Devlps\PIC-MCU\Baremetal_Code\core\drv\spi\src\spi_
                                 driver.c"
   797                           	line	14
   798                           	global	__size_of_spi_master_init
   799  000C                     	__size_of_spi_master_init	equ	__end_of_spi_master_init-_spi_master_init
   800                           	
   801  0730                     _spi_master_init:	
   802                           	opt	stack 7
   803                           ; Regs used in _spi_master_init: [wreg+status,2]
   804                           	line	16
   805                           	
   806  0730                     l1534:	
   807                           ;spi_driver.c: 16: TRISC=0X10;
   808  0730  3010               	movlw	(010h)
   809  0731  1683               	bsf	status, 5	;RP0=1, select bank1
   810  0732  1303               	bcf	status, 6	;RP1=0, select bank1
   811  0733  0087               	movwf	(135)^080h	;volatile
   812                           	line	17
   813                           ;spi_driver.c: 17: SSPCON=0X20 ;
   814  0734  3020               	movlw	(020h)
   815  0735  1283               	bcf	status, 5	;RP0=0, select bank0
   816  0736  1303               	bcf	status, 6	;RP1=0, select bank0
   817  0737  0094               	movwf	(20)	;volatile
   818                           	line	18
   819                           	
   820  0738                     l1536:	
   821                           ;spi_driver.c: 18: SSPSTAT=0X00;
   822  0738  1683               	bsf	status, 5	;RP0=1, select bank1
   823  0739  1303               	bcf	status, 6	;RP1=0, select bank1
   824  073A  0194               	clrf	(148)^080h	;volatile
   825                           	line	19
   826                           	
   827  073B                     l1140:	
   828  073B  0008               	return
   829                           	opt stack 0
   830                           GLOBAL	__end_of_spi_master_init
   831  073C                     	__end_of_spi_master_init:
   832 ;; =============== function _spi_master_init ends ============
   833                           
   834                           	signat	_spi_master_init,88
   835                           psect	text87,local,class=CODE,delta=2
   836                           global __ptext87
   837  0000                     __ptext87:
   838                           	global	btemp
   839  007E                     	btemp set 07Eh
   840                           
   841                           	DABS	1,126,2	;btemp
   842                           	global	wtemp0
   843  007E                     	wtemp0 set btemp


HI-TECH Software PICC Macro Assembler V9.71a build 6446 
Symbol Table                                                                                   Fri Oct 23 18:24:29 2020

                           pc 0002                            u10 0746                            u11 0745  
                          u20 0768                            u21 0767                            u30 0778  
                          u31 0777                            fsr 0004                           l570 07FD  
                         l567 07FC                           l568 07FC                           l569 07FD  
                         fsr0 0004                           indf 0000                          l1140 073B  
                        l1135 0769                          l1136 0778                          l1152 0790  
                        l1137 0778                          l1153 077B                          l1146 0742  
                        l1154 079C                          l1147 0742                          l1155 079C  
                        l1148 0746                          l1149 0747                          l1540 0757  
                        l1534 0730                          l1542 0768                          l2350 0790  
                        l2342 077A                          l1536 0738                          l1544 0769  
                        l2344 077B                          l2360 07C6                          l2352 079D  
                        l1538 073D                          l2346 0787                          l2362 07D8  
                        l2354 07A2                          l2348 078B                          l2364 07E4  
                        l2356 07AE                          l2366 07F6                          l2358 07C0  
                        STR_1 0009                          u2207 07BA                          u2217 07CC  
                        u2227 07DE                          u2180 079C                          u2181 079B  
                        u2237 07F0                          u2197 07A8                          _data 0020  
                        _main 079D                          _temp 0078                          btemp 007E  
                        start 0000  __size_of_master_write_string 0024       master_write_string@data 0073  
                       ?_main 0070                         _TRISC 0087                         _SSPIF 0063  
                       _delay 0757                         _index 0077                         pclath 000A  
                       status 0003                         wtemp0 007E                  __end_of_main 0800  
                      ??_main 0074                        ?_delay 0070                        _SSPCON 0014  
                      _SSPBUF 0013                 ?_master_write 0070                        clrloop 0729  
              ??_master_write 0070                __pcstackCOMMON 0070                 __end_of_delay 0779  
         _master_write_string 0779                       ??_delay 0070                    __pbssBANK0 0020  
    __size_of_spi_master_init 000C          ?_master_write_string 0070                    __pmaintext 079D  
                     _SSPSTAT 0094         ??_master_write_string 0072                    delay@delay 0070  
        __end_of_master_write 0748          end_of_initialization 0753             ??_spi_master_init 0070  
         start_initialization 0748         __size_of_master_write 000C                   __pbssCOMMON 0077  
                _master_write 073C                     __pstrings 0003                __size_of_delay 0022  
 __end_of_master_write_string 079D               _spi_master_init 0730              master_write@data 0070  
                 __stringbase 0008       __end_of_spi_master_init 073C                      __ptext82 0000  
                    __ptext83 0779                      __ptext84 0757                      __ptext85 073C  
                    __ptext86 0730                      __ptext87 0000                 __size_of_main 0063  
                    clear_ram 0728                     stringcode 0003                      stringdir 0003  
                    stringtab 0003              ?_spi_master_init 0070  
