

HI-TECH Software PIC LITE Macro Assembler V9.71a build 6446 
                                                                                               Mon Dec 21 18:08:20 2020

HI-TECH Software Omniscient Code Generator (Lite mode) build 6446
     1  0000                     opt subtitle "HI-TECH Software Omniscient Code Generator (Lite mode) build 6446"
     2                           
     3                           opt pagewidth 120
     4                           
     5                           	opt lm
     6                           
     7                           	processor	16F877A
     8                           clrc	macro
     9                           	bcf	3,0
    10  0000                     	endm
    11                           clrz	macro
    12                           	bcf	3,2
    13  0000                     	endm
    14                           setc	macro
    15                           	bsf	3,0
    16  0000                     	endm
    17                           setz	macro
    18                           	bsf	3,2
    19  0000                     	endm
    20                           skipc	macro
    21                           	btfss	3,0
    22  0000                     	endm
    23                           skipz	macro
    24                           	btfss	3,2
    25  0000                     	endm
    26                           skipnc	macro
    27                           	btfsc	3,0
    28  0000                     	endm
    29                           skipnz	macro
    30                           	btfsc	3,2
    31  0000                     	endm
    32  0000                     indf	equ	0
    33  0000                     indf0	equ	0
    34  0002                     pc	equ	2
    35  0002                     pcl	equ	2
    36  0003                     status	equ	3
    37  0004                     fsr	equ	4
    38  0004                     fsr0	equ	4
    39  0001                     c	equ	1
    40  0000                     z	equ	0
    41  000A                     pclath	equ	10
    42                           	FNCALL	_main,_lcd_init
    43                           	FNCALL	_main,_lcd_string
    44                           	FNCALL	_main,_lcd_cmd
    45                           	FNCALL	_main,_lcd_char
    46                           	FNCALL	_lcd_init,_lcd_cmd
    47                           	FNCALL	_lcd_string,_lcd_char
    48                           	FNROOT	_main
    49                           	global	_PORTB
    50                           psect	text84,local,class=CODE,delta=2
    51                           global __ptext84
    52  0000                     __ptext84:
    53  0006                     _PORTB	set	6
    54                           	global	_PORTE
    55  0009                     _PORTE	set	9
    56                           	global	_RE0
    57  0048                     _RE0	set	72
    58                           	global	_RE1
    59  0049                     _RE1	set	73
    60                           	global	_RE2
    61  004A                     _RE2	set	74
    62                           	global	_ADCON1
    63  009F                     _ADCON1	set	159
    64                           	global	_TRISB
    65  0086                     _TRISB	set	134
    66                           	global	_TRISE
    67  0089                     _TRISE	set	137
    68                           psect	strings,class=STRING,delta=2
    69                           global __pstrings
    70  0003                     __pstrings:
    71                           ;	global	stringdir,stringtab,__stringbase
    72  0003                     stringtab:
    73                           ;	String table - string pointers are 1 byte each
    74  0003                     stringcode:stringdir:
      + 0003                     stringdir:	
    75  0003  3000               movlw high(stringdir)
    76  0004  008A               movwf pclath
    77  0005  0804               movf fsr,w
    78  0006  0A84               incf fsr
    79  0007  0782               	addwf pc
    80  0008                     __stringbase:
    81  0008  3400               	retlw	0
    82                           psect	strings
    83                           	
    84  0009                     STR_1:	
    85  0009  3468               	retlw	104	;'h'
    86  000A  3465               	retlw	101	;'e'
    87  000B  346C               	retlw	108	;'l'
    88  000C  346C               	retlw	108	;'l'
    89  000D  346F               	retlw	111	;'o'
    90  000E  3420               	retlw	32	;' '
    91  000F  3477               	retlw	119	;'w'
    92  0010  346F               	retlw	111	;'o'
    93  0011  3472               	retlw	114	;'r'
    94  0012  346C               	retlw	108	;'l'
    95  0013  3464               	retlw	100	;'d'
    96  0014  3400               	retlw	0
    97                           psect	strings
    98                           	file	"lcd.as"
    99                           	line	#
   100                           psect cinit,class=CODE,delta=2
   101                           global start_initialization
   102  0771                     start_initialization:
   103                           
   104                           psect cinit,class=CODE,delta=2
   105                           global end_of_initialization
   106                           
   107                           ;End of C runtime variable initialization code
   108                           
   109  0771                     end_of_initialization:
   110  0771  0183               clrf status
   111  0772  120A  118A  2F9F   ljmp _main	;jump to C main() function
   112                           psect	cstackCOMMON,class=COMMON,space=1
   113                           global __pcstackCOMMON
   114  0070                     __pcstackCOMMON:
   115                           	global	?_lcd_cmd
   116  0070                     ?_lcd_cmd:	; 0 bytes @ 0x0
   117                           	global	??_lcd_cmd
   118  0070                     ??_lcd_cmd:	; 0 bytes @ 0x0
   119                           	global	?_lcd_char
   120  0070                     ?_lcd_char:	; 0 bytes @ 0x0
   121                           	global	??_lcd_char
   122  0070                     ??_lcd_char:	; 0 bytes @ 0x0
   123                           	global	?_lcd_string
   124  0070                     ?_lcd_string:	; 0 bytes @ 0x0
   125                           	global	?_lcd_init
   126  0070                     ?_lcd_init:	; 0 bytes @ 0x0
   127                           	global	?_main
   128  0070                     ?_main:	; 0 bytes @ 0x0
   129  0070                     	ds	2
   130                           	global	lcd_cmd@cmd
   131  0072                     lcd_cmd@cmd:	; 1 bytes @ 0x2
   132                           	global	lcd_char@data
   133  0072                     lcd_char@data:	; 1 bytes @ 0x2
   134  0072                     	ds	1
   135                           	global	??_lcd_string
   136  0073                     ??_lcd_string:	; 0 bytes @ 0x3
   137                           	global	??_lcd_init
   138  0073                     ??_lcd_init:	; 0 bytes @ 0x3
   139  0073                     	ds	1
   140                           	global	lcd_string@ptr
   141  0074                     lcd_string@ptr:	; 1 bytes @ 0x4
   142  0074                     	ds	1
   143                           	global	??_main
   144  0075                     ??_main:	; 0 bytes @ 0x5
   145 ;;Data sizes: Strings 12, constant 0, data 0, bss 0, persistent 0 stack 0
   146 ;;Auto spaces:   Size  Autos    Used
   147 ;; COMMON          14      5       5
   148 ;; BANK0           80      0       0
   149 ;; BANK1           80      0       0
   150 ;; BANK3           96      0       0
   151 ;; BANK2           96      0       0
   152                           
   153 ;;
   154 ;; Pointer list with targets:
   155                           
   156 ;; lcd_string@ptr	PTR const unsigned char  size(1) Largest target is 12
   157 ;;		 -> STR_1(CODE[12]), 
   158 ;;
   159                           
   160                           
   161 ;;
   162 ;; Critical Paths under _main in COMMON
   163 ;;
   164 ;;   _main->_lcd_string
   165 ;;   _lcd_init->_lcd_cmd
   166 ;;   _lcd_string->_lcd_char
   167 ;;
   168 ;; Critical Paths under _main in BANK0
   169 ;;
   170 ;;   None.
   171 ;;
   172 ;; Critical Paths under _main in BANK1
   173 ;;
   174 ;;   None.
   175 ;;
   176 ;; Critical Paths under _main in BANK3
   177 ;;
   178 ;;   None.
   179 ;;
   180 ;; Critical Paths under _main in BANK2
   181 ;;
   182 ;;   None.
   183                           
   184 ;;
   185 ;;Main: autosize = 0, tempsize = 0, incstack = 0, save=0
   186 ;;
   187                           
   188 ;;
   189 ;;Call Graph Tables:
   190 ;;
   191 ;; ---------------------------------------------------------------------------------
   192 ;; (Depth) Function   	        Calls       Base Space   Used Autos Params    Refs
   193 ;; ---------------------------------------------------------------------------------
   194 ;; (0) _main                                                 0     0      0      90
   195 ;;                           _lcd_init
   196 ;;                         _lcd_string
   197 ;;                            _lcd_cmd
   198 ;;                           _lcd_char
   199 ;; ---------------------------------------------------------------------------------
   200 ;; (1) _lcd_init                                             0     0      0      15
   201 ;;                            _lcd_cmd
   202 ;; ---------------------------------------------------------------------------------
   203 ;; (1) _lcd_string                                           2     2      0      45
   204 ;;                                              3 COMMON     2     2      0
   205 ;;                           _lcd_char
   206 ;; ---------------------------------------------------------------------------------
   207 ;; (1) _lcd_char                                             3     3      0      15
   208 ;;                                              0 COMMON     3     3      0
   209 ;; ---------------------------------------------------------------------------------
   210 ;; (1) _lcd_cmd                                              3     3      0      15
   211 ;;                                              0 COMMON     3     3      0
   212 ;; ---------------------------------------------------------------------------------
   213 ;; Estimated maximum stack depth 1
   214 ;; ---------------------------------------------------------------------------------
   215                           
   216 ;; Call Graph Graphs:
   217                           
   218 ;; _main (ROOT)
   219 ;;   _lcd_init
   220 ;;     _lcd_cmd
   221 ;;   _lcd_string
   222 ;;     _lcd_char
   223 ;;   _lcd_cmd
   224 ;;   _lcd_char
   225 ;;
   226                           
   227 ;; Address spaces:
   228                           
   229 ;;Name               Size   Autos  Total    Cost      Usage
   230 ;;BITCOMMON            E      0       0       0        0.0%
   231 ;;EEDATA             100      0       0       0        0.0%
   232 ;;NULL                 0      0       0       0        0.0%
   233 ;;CODE                 0      0       0       0        0.0%
   234 ;;COMMON               E      5       5       1       35.7%
   235 ;;BITSFR0              0      0       0       1        0.0%
   236 ;;SFR0                 0      0       0       1        0.0%
   237 ;;BITSFR1              0      0       0       2        0.0%
   238 ;;SFR1                 0      0       0       2        0.0%
   239 ;;STACK                0      0       2       2        0.0%
   240 ;;ABS                  0      0       0       3        0.0%
   241 ;;BITBANK0            50      0       0       4        0.0%
   242 ;;BITSFR3              0      0       0       4        0.0%
   243 ;;SFR3                 0      0       0       4        0.0%
   244 ;;BANK0               50      0       0       5        0.0%
   245 ;;BITSFR2              0      0       0       5        0.0%
   246 ;;SFR2                 0      0       0       5        0.0%
   247 ;;BITBANK1            50      0       0       6        0.0%
   248 ;;BANK1               50      0       0       7        0.0%
   249 ;;BITBANK3            60      0       0       8        0.0%
   250 ;;BANK3               60      0       0       9        0.0%
   251 ;;BITBANK2            60      0       0      10        0.0%
   252 ;;BANK2               60      0       0      11        0.0%
   253 ;;DATA                 0      0       0      12        0.0%
   254                           
   255                           	global	_main
   256                           psect	maintext,global,class=CODE,delta=2
   257                           global __pmaintext
   258  079F                     __pmaintext:
   259                           
   260 ;; *************** function _main *****************
   261 ;; Defined at:
   262 ;;		line 10 in file "../../app/inc/..\..\platform\..\core\drv\uart\inc\uart_driver.h"
   263 ;; Parameters:    Size  Location     Type
   264 ;;		None
   265 ;; Auto vars:     Size  Location     Type
   266 ;;		None
   267 ;; Return value:  Size  Location     Type
   268 ;;		None               void
   269 ;; Registers used:
   270 ;;		wreg, fsr0l, fsr0h, status,2, status,0, pclath, cstack
   271 ;; Tracked objects:
   272 ;;		On entry : 17F/0
   273 ;;		On exit  : 0/0
   274 ;;		Unchanged: 0/0
   275 ;; Data sizes:     COMMON   BANK0   BANK1   BANK3   BANK2
   276 ;;      Params:         0       0       0       0       0
   277 ;;      Locals:         0       0       0       0       0
   278 ;;      Temps:          0       0       0       0       0
   279 ;;      Totals:         0       0       0       0       0
   280 ;;Total ram usage:        0 bytes
   281 ;; Hardware stack levels required when called:    2
   282 ;; This function calls:
   283 ;;		_lcd_init
   284 ;;		_lcd_string
   285 ;;		_lcd_cmd
   286 ;;		_lcd_char
   287 ;; This function is called by:
   288 ;;		Startup code after reset
   289 ;; This function uses a non-reentrant model
   290 ;;
   291                           psect	maintext
   292                           	file	"../../app/inc/..\..\platform\..\core\drv\uart\inc\uart_driver.h"
   293                           	line	10
   294                           	global	__size_of_main
   295  001B                     	__size_of_main	equ	__end_of_main-_main
   296                           	
   297  079F                     _main:	
   298                           	opt	stack 8
   299                           ; Regs used in _main: [wreg-fsr0h+status,2+status,0+pclath+cstack]
   300                           	line	11
   301                           	
   302  079F                     l2344:	
   303                           ;..\..\platform\..\core\drv\uart\inc\uart_driver.h: 11: lcd_init();
   304  079F  120A  118A  27D9   	fcall	_lcd_init
              120A  118A         
   305                           	line	12
   306                           	
   307  07A4                     l2346:	
   308                           ;..\..\platform\..\core\drv\uart\inc\uart_driver.h: 12: lcd_string("hello world");
   309  07A4  3001               	movlw	((STR_1-__stringbase))&0ffh
   310  07A5  120A  118A  27BA   	fcall	_lcd_string
              120A  118A         
   311                           	line	13
   312                           	
   313  07AA                     l2348:	
   314                           ;..\..\platform\..\core\drv\uart\inc\uart_driver.h: 13: lcd_cmd(0xc0);
   315  07AA  30C0               	movlw	(0C0h)
   316  07AB  120A  118A  2775   	fcall	_lcd_cmd
              120A  118A         
   317                           	line	14
   318                           	
   319  07B0                     l2350:	
   320                           ;..\..\platform\..\core\drv\uart\inc\uart_driver.h: 14: lcd_char('d');
   321  07B0  3064               	movlw	(064h)
   322  07B1  120A  118A  278A   	fcall	_lcd_char
              120A  118A         
   323                           	line	16
   324                           ;..\..\platform\..\core\drv\uart\inc\uart_driver.h: 16: while(1)
   325                           	
   326  07B6                     l1140:	
   327                           	line	19
   328                           ;..\..\platform\..\core\drv\uart\inc\uart_driver.h: 17: {
   329                           	
   330  07B6                     l1141:	
   331                           	line	16
   332  07B6  2FB6               	goto	l1140
   333                           	
   334  07B7                     l1142:	
   335                           	line	21
   336                           	
   337  07B7                     l1143:	
   338                           	global	start
   339  07B7  120A  118A  2800   	ljmp	start
   340                           	opt stack 0
   341                           GLOBAL	__end_of_main
   342  07BA                     	__end_of_main:
   343 ;; =============== function _main ends ============
   344                           
   345                           	signat	_main,88
   346                           	global	_lcd_init
   347                           psect	text85,local,class=CODE,delta=2
   348                           global __ptext85
   349  07D9                     __ptext85:
   350                           
   351 ;; *************** function _lcd_init *****************
   352 ;; Defined at:
   353 ;;		line 40 in file "C:\Users\user.user-PC\Desktop\PIC-MCU\Baremetal_Code\core\drv\lcd\src\lcd_driver.c"
   354 ;; Parameters:    Size  Location     Type
   355 ;;		None
   356 ;; Auto vars:     Size  Location     Type
   357 ;;		None
   358 ;; Return value:  Size  Location     Type
   359 ;;		None               void
   360 ;; Registers used:
   361 ;;		wreg, status,2, status,0, pclath, cstack
   362 ;; Tracked objects:
   363 ;;		On entry : 0/0
   364 ;;		On exit  : 0/0
   365 ;;		Unchanged: 0/0
   366 ;; Data sizes:     COMMON   BANK0   BANK1   BANK3   BANK2
   367 ;;      Params:         0       0       0       0       0
   368 ;;      Locals:         0       0       0       0       0
   369 ;;      Temps:          0       0       0       0       0
   370 ;;      Totals:         0       0       0       0       0
   371 ;;Total ram usage:        0 bytes
   372 ;; Hardware stack levels used:    1
   373 ;; Hardware stack levels required when called:    1
   374 ;; This function calls:
   375 ;;		_lcd_cmd
   376 ;; This function is called by:
   377 ;;		_main
   378 ;; This function uses a non-reentrant model
   379 ;;
   380                           psect	text85
   381                           	file	"C:\Users\user.user-PC\Desktop\PIC-MCU\Baremetal_Code\core\drv\lcd\src\lcd_driver.
                                 c"
   382                           	line	40
   383                           	global	__size_of_lcd_init
   384  0027                     	__size_of_lcd_init	equ	__end_of_lcd_init-_lcd_init
   385                           	
   386  07D9                     _lcd_init:	
   387                           	opt	stack 7
   388                           ; Regs used in _lcd_init: [wreg+status,2+status,0+pclath+cstack]
   389                           	line	41
   390                           	
   391  07D9                     l2326:	
   392                           ;lcd_driver.c: 41: ADCON1=0x06;
   393  07D9  3006               	movlw	(06h)
   394  07DA  1683               	bsf	status, 5	;RP0=1, select bank1
   395  07DB  1303               	bcf	status, 6	;RP1=0, select bank1
   396  07DC  009F               	movwf	(159)^080h	;volatile
   397                           	line	42
   398                           	
   399  07DD                     l2328:	
   400                           ;lcd_driver.c: 42: TRISB=0X00;
   401  07DD  0186               	clrf	(134)^080h	;volatile
   402                           	line	43
   403                           	
   404  07DE                     l2330:	
   405                           ;lcd_driver.c: 43: PORTB=0X00;
   406  07DE  1283               	bcf	status, 5	;RP0=0, select bank0
   407  07DF  1303               	bcf	status, 6	;RP1=0, select bank0
   408  07E0  0186               	clrf	(6)	;volatile
   409                           	line	44
   410                           	
   411  07E1                     l2332:	
   412                           ;lcd_driver.c: 44: TRISE=0X00;
   413  07E1  1683               	bsf	status, 5	;RP0=1, select bank1
   414  07E2  1303               	bcf	status, 6	;RP1=0, select bank1
   415  07E3  0189               	clrf	(137)^080h	;volatile
   416                           	line	45
   417                           	
   418  07E4                     l2334:	
   419                           ;lcd_driver.c: 45: PORTE=0X00;
   420  07E4  1283               	bcf	status, 5	;RP0=0, select bank0
   421  07E5  1303               	bcf	status, 6	;RP1=0, select bank0
   422  07E6  0189               	clrf	(9)	;volatile
   423                           	line	47
   424                           	
   425  07E7                     l2336:	
   426                           ;lcd_driver.c: 47: lcd_cmd(0x0e);
   427  07E7  300E               	movlw	(0Eh)
   428  07E8  120A  118A  2775   	fcall	_lcd_cmd
              120A  118A         
   429                           	line	48
   430                           	
   431  07ED                     l2338:	
   432                           ;lcd_driver.c: 48: lcd_cmd(0x01);
   433  07ED  3001               	movlw	(01h)
   434  07EE  120A  118A  2775   	fcall	_lcd_cmd
              120A  118A         
   435                           	line	49
   436                           	
   437  07F3                     l2340:	
   438                           ;lcd_driver.c: 49: lcd_cmd(0x38);
   439  07F3  3038               	movlw	(038h)
   440  07F4  120A  118A  2775   	fcall	_lcd_cmd
              120A  118A         
   441                           	line	50
   442                           	
   443  07F9                     l2342:	
   444                           ;lcd_driver.c: 50: lcd_cmd(0x80);
   445  07F9  3080               	movlw	(080h)
   446  07FA  120A  118A  2775   	fcall	_lcd_cmd
              120A  118A         
   447                           	line	51
   448                           	
   449  07FF                     l573:	
   450  07FF  0008               	return
   451                           	opt stack 0
   452                           GLOBAL	__end_of_lcd_init
   453  0800                     	__end_of_lcd_init:
   454 ;; =============== function _lcd_init ends ============
   455                           
   456                           	signat	_lcd_init,88
   457                           	global	_lcd_string
   458                           psect	text86,local,class=CODE,delta=2
   459                           global __ptext86
   460  07BA                     __ptext86:
   461                           
   462 ;; *************** function _lcd_string *****************
   463 ;; Defined at:
   464 ;;		line 30 in file "C:\Users\user.user-PC\Desktop\PIC-MCU\Baremetal_Code\core\drv\lcd\src\lcd_driver.c"
   465 ;; Parameters:    Size  Location     Type
   466 ;;  ptr             1    wreg     PTR const unsigned char 
   467 ;;		 -> STR_1(12), 
   468 ;; Auto vars:     Size  Location     Type
   469 ;;  ptr             1    4[COMMON] PTR const unsigned char 
   470 ;;		 -> STR_1(12), 
   471 ;; Return value:  Size  Location     Type
   472 ;;		None               void
   473 ;; Registers used:
   474 ;;		wreg, fsr0l, fsr0h, status,2, status,0, pclath, cstack
   475 ;; Tracked objects:
   476 ;;		On entry : 0/0
   477 ;;		On exit  : 0/0
   478 ;;		Unchanged: 0/0
   479 ;; Data sizes:     COMMON   BANK0   BANK1   BANK3   BANK2
   480 ;;      Params:         0       0       0       0       0
   481 ;;      Locals:         1       0       0       0       0
   482 ;;      Temps:          1       0       0       0       0
   483 ;;      Totals:         2       0       0       0       0
   484 ;;Total ram usage:        2 bytes
   485 ;; Hardware stack levels used:    1
   486 ;; Hardware stack levels required when called:    1
   487 ;; This function calls:
   488 ;;		_lcd_char
   489 ;; This function is called by:
   490 ;;		_main
   491 ;; This function uses a non-reentrant model
   492 ;;
   493                           psect	text86
   494                           	file	"C:\Users\user.user-PC\Desktop\PIC-MCU\Baremetal_Code\core\drv\lcd\src\lcd_driver.
                                 c"
   495                           	line	30
   496                           	global	__size_of_lcd_string
   497  001F                     	__size_of_lcd_string	equ	__end_of_lcd_string-_lcd_string
   498                           	
   499  07BA                     _lcd_string:	
   500                           	opt	stack 7
   501                           ; Regs used in _lcd_string: [wreg-fsr0h+status,2+status,0+pclath+cstack]
   502                           ;lcd_string@ptr stored from wreg
   503  07BA  00F4               	movwf	(lcd_string@ptr)
   504                           	line	31
   505                           	
   506  07BB                     l2318:	
   507                           ;lcd_driver.c: 31: while(*ptr)
   508  07BB  2FCC               	goto	l567
   509                           	
   510  07BC                     l568:	
   511                           	line	33
   512                           	
   513  07BC                     l2320:	
   514                           ;lcd_driver.c: 32: {
   515                           ;lcd_driver.c: 33: lcd_char(*ptr);
   516  07BC  0874               	movf	(lcd_string@ptr),w
   517  07BD  0084               	movwf	fsr0
   518  07BE  120A  118A  2003   	fcall	stringdir
              120A  118A         
   519  07C3  120A  118A  278A   	fcall	_lcd_char
              120A  118A         
   520                           	line	34
   521                           	
   522  07C8                     l2322:	
   523                           ;lcd_driver.c: 34: ptr++;
   524  07C8  3001               	movlw	(01h)
   525  07C9  00F3               	movwf	(??_lcd_string+0)+0
   526  07CA  0873               	movf	(??_lcd_string+0)+0,w
   527  07CB  07F4               	addwf	(lcd_string@ptr),f
   528                           	line	36
   529                           	
   530  07CC                     l567:	
   531                           	line	31
   532                           	
   533  07CC                     l2324:	
   534  07CC  0874               	movf	(lcd_string@ptr),w
   535  07CD  0084               	movwf	fsr0
   536  07CE  120A  118A  2003   	fcall	stringdir
              120A  118A         
   537  07D3  3800               	iorlw	0
   538  07D4  1D03               	skipz
   539  07D5  2FD7               	goto	u2141
   540  07D6  2FD8               	goto	u2140
   541  07D7                     u2141:
   542  07D7  2FBC               	goto	l568
   543  07D8                     u2140:
   544                           	
   545  07D8                     l569:	
   546                           	line	37
   547                           	
   548  07D8                     l570:	
   549  07D8  0008               	return
   550                           	opt stack 0
   551                           GLOBAL	__end_of_lcd_string
   552  07D9                     	__end_of_lcd_string:
   553 ;; =============== function _lcd_string ends ============
   554                           
   555                           	signat	_lcd_string,4216
   556                           	global	_lcd_char
   557                           psect	text87,local,class=CODE,delta=2
   558                           global __ptext87
   559  078A                     __ptext87:
   560                           
   561 ;; *************** function _lcd_char *****************
   562 ;; Defined at:
   563 ;;		line 19 in file "C:\Users\user.user-PC\Desktop\PIC-MCU\Baremetal_Code\core\drv\lcd\src\lcd_driver.c"
   564 ;; Parameters:    Size  Location     Type
   565 ;;  data            1    wreg     unsigned char 
   566 ;; Auto vars:     Size  Location     Type
   567 ;;  data            1    2[COMMON] unsigned char 
   568 ;; Return value:  Size  Location     Type
   569 ;;		None               void
   570 ;; Registers used:
   571 ;;		wreg
   572 ;; Tracked objects:
   573 ;;		On entry : 0/0
   574 ;;		On exit  : 0/0
   575 ;;		Unchanged: 0/0
   576 ;; Data sizes:     COMMON   BANK0   BANK1   BANK3   BANK2
   577 ;;      Params:         0       0       0       0       0
   578 ;;      Locals:         1       0       0       0       0
   579 ;;      Temps:          2       0       0       0       0
   580 ;;      Totals:         3       0       0       0       0
   581 ;;Total ram usage:        3 bytes
   582 ;; Hardware stack levels used:    1
   583 ;; This function calls:
   584 ;;		Nothing
   585 ;; This function is called by:
   586 ;;		_lcd_string
   587 ;;		_main
   588 ;; This function uses a non-reentrant model
   589 ;;
   590                           psect	text87
   591                           	file	"C:\Users\user.user-PC\Desktop\PIC-MCU\Baremetal_Code\core\drv\lcd\src\lcd_driver.
                                 c"
   592                           	line	19
   593                           	global	__size_of_lcd_char
   594  0015                     	__size_of_lcd_char	equ	__end_of_lcd_char-_lcd_char
   595                           	
   596  078A                     _lcd_char:	
   597                           	opt	stack 7
   598                           ; Regs used in _lcd_char: [wreg]
   599                           ;lcd_char@data stored from wreg
   600                           	line	21
   601  078A  00F2               	movwf	(lcd_char@data)
   602                           	
   603  078B                     l2310:	
   604                           ;lcd_driver.c: 21: RE0=1;
   605  078B  1283               	bcf	status, 5	;RP0=0, select bank0
   606  078C  1303               	bcf	status, 6	;RP1=0, select bank0
   607  078D  1409               	bsf	(72/8),(72)&7
   608                           	line	22
   609                           ;lcd_driver.c: 22: RE1=0;
   610  078E  1089               	bcf	(73/8),(73)&7
   611                           	line	23
   612                           	
   613  078F                     l2312:	
   614                           ;lcd_driver.c: 23: PORTB=data;
   615  078F  0872               	movf	(lcd_char@data),w
   616  0790  0086               	movwf	(6)	;volatile
   617                           	line	24
   618                           	
   619  0791                     l2314:	
   620                           ;lcd_driver.c: 24: RE2=1;
   621  0791  1509               	bsf	(74/8),(74)&7
   622                           	line	25
   623                           ;lcd_driver.c: 25: _delay((unsigned long)((1)*(40000000/4000.0)));
   624                           	opt asmopt_off
   625  0792  300D               movlw	13
   626  0793  00F1               movwf	((??_lcd_char+0)+0+1),f
   627  0794  30FB               	movlw	251
   628  0795  00F0               movwf	((??_lcd_char+0)+0),f
   629  0796                     u2157:
   630  0796  0BF0               	decfsz	((??_lcd_char+0)+0),f
   631  0797  2F96               	goto	u2157
   632  0798  0BF1               	decfsz	((??_lcd_char+0)+0+1),f
   633  0799  2F96               	goto	u2157
   634  079A  2F9B               	nop2
   635                           opt asmopt_on
   636                           
   637                           	line	26
   638                           	
   639  079B                     l2316:	
   640                           ;lcd_driver.c: 26: RE2=0;
   641  079B  1283               	bcf	status, 5	;RP0=0, select bank0
   642  079C  1303               	bcf	status, 6	;RP1=0, select bank0
   643  079D  1109               	bcf	(74/8),(74)&7
   644                           	line	28
   645                           	
   646  079E                     l564:	
   647  079E  0008               	return
   648                           	opt stack 0
   649                           GLOBAL	__end_of_lcd_char
   650  079F                     	__end_of_lcd_char:
   651 ;; =============== function _lcd_char ends ============
   652                           
   653                           	signat	_lcd_char,4216
   654                           	global	_lcd_cmd
   655                           psect	text88,local,class=CODE,delta=2
   656                           global __ptext88
   657  0775                     __ptext88:
   658                           
   659 ;; *************** function _lcd_cmd *****************
   660 ;; Defined at:
   661 ;;		line 9 in file "C:\Users\user.user-PC\Desktop\PIC-MCU\Baremetal_Code\core\drv\lcd\src\lcd_driver.c"
   662 ;; Parameters:    Size  Location     Type
   663 ;;  cmd             1    wreg     unsigned char 
   664 ;; Auto vars:     Size  Location     Type
   665 ;;  cmd             1    2[COMMON] unsigned char 
   666 ;; Return value:  Size  Location     Type
   667 ;;		None               void
   668 ;; Registers used:
   669 ;;		wreg
   670 ;; Tracked objects:
   671 ;;		On entry : 0/0
   672 ;;		On exit  : 0/0
   673 ;;		Unchanged: 0/0
   674 ;; Data sizes:     COMMON   BANK0   BANK1   BANK3   BANK2
   675 ;;      Params:         0       0       0       0       0
   676 ;;      Locals:         1       0       0       0       0
   677 ;;      Temps:          2       0       0       0       0
   678 ;;      Totals:         3       0       0       0       0
   679 ;;Total ram usage:        3 bytes
   680 ;; Hardware stack levels used:    1
   681 ;; This function calls:
   682 ;;		Nothing
   683 ;; This function is called by:
   684 ;;		_lcd_init
   685 ;;		_main
   686 ;; This function uses a non-reentrant model
   687 ;;
   688                           psect	text88
   689                           	file	"C:\Users\user.user-PC\Desktop\PIC-MCU\Baremetal_Code\core\drv\lcd\src\lcd_driver.
                                 c"
   690                           	line	9
   691                           	global	__size_of_lcd_cmd
   692  0015                     	__size_of_lcd_cmd	equ	__end_of_lcd_cmd-_lcd_cmd
   693                           	
   694  0775                     _lcd_cmd:	
   695                           	opt	stack 7
   696                           ; Regs used in _lcd_cmd: [wreg]
   697                           ;lcd_cmd@cmd stored from wreg
   698  0775  00F2               	movwf	(lcd_cmd@cmd)
   699                           	line	10
   700                           	
   701  0776                     l2302:	
   702                           ;lcd_driver.c: 10: RE0=0;
   703  0776  1283               	bcf	status, 5	;RP0=0, select bank0
   704  0777  1303               	bcf	status, 6	;RP1=0, select bank0
   705  0778  1009               	bcf	(72/8),(72)&7
   706                           	line	11
   707                           ;lcd_driver.c: 11: RE1=0;
   708  0779  1089               	bcf	(73/8),(73)&7
   709                           	line	12
   710                           	
   711  077A                     l2304:	
   712                           ;lcd_driver.c: 12: PORTB=cmd;
   713  077A  0872               	movf	(lcd_cmd@cmd),w
   714  077B  0086               	movwf	(6)	;volatile
   715                           	line	13
   716                           	
   717  077C                     l2306:	
   718                           ;lcd_driver.c: 13: RE2=1;
   719  077C  1509               	bsf	(74/8),(74)&7
   720                           	line	14
   721                           ;lcd_driver.c: 14: _delay((unsigned long)((1)*(40000000/4000.0)));
   722                           	opt asmopt_off
   723  077D  300D               movlw	13
   724  077E  00F1               movwf	((??_lcd_cmd+0)+0+1),f
   725  077F  30FB               	movlw	251
   726  0780  00F0               movwf	((??_lcd_cmd+0)+0),f
   727  0781                     u2167:
   728  0781  0BF0               	decfsz	((??_lcd_cmd+0)+0),f
   729  0782  2F81               	goto	u2167
   730  0783  0BF1               	decfsz	((??_lcd_cmd+0)+0+1),f
   731  0784  2F81               	goto	u2167
   732  0785  2F86               	nop2
   733                           opt asmopt_on
   734                           
   735                           	line	15
   736                           	
   737  0786                     l2308:	
   738                           ;lcd_driver.c: 15: RE2=0;
   739  0786  1283               	bcf	status, 5	;RP0=0, select bank0
   740  0787  1303               	bcf	status, 6	;RP1=0, select bank0
   741  0788  1109               	bcf	(74/8),(74)&7
   742                           	line	16
   743                           	
   744  0789                     l561:	
   745  0789  0008               	return
   746                           	opt stack 0
   747                           GLOBAL	__end_of_lcd_cmd
   748  078A                     	__end_of_lcd_cmd:
   749 ;; =============== function _lcd_cmd ends ============
   750                           
   751                           	signat	_lcd_cmd,4216
   752                           psect	text89,local,class=CODE,delta=2
   753                           global __ptext89
   754  0000                     __ptext89:
   755                           	global	btemp
   756  007E                     	btemp set 07Eh
   757                           
   758                           	DABS	1,126,2	;btemp
   759                           	global	wtemp0
   760  007E                     	wtemp0 set btemp


HI-TECH Software PICC Macro Assembler V9.71a build 6446 
Symbol Table                                                                                   Mon Dec 21 18:08:20 2020

        lcd_char@data 0072                     pc 0002                    fsr 0004                   l561 0789  
                 l570 07D8                   l564 079E                   l573 07FF                   l567 07CC  
                 l568 07BC                   l569 07D8                   _RE0 0048                   _RE1 0049  
                 _RE2 004A                   fsr0 0004                  l1140 07B6                  l1141 07B6  
                l1142 07B7                  l1143 07B7                  l2302 0776                  l2310 078B  
                l2304 077A                  l2312 078F                  l2320 07BC                  l2306 077C  
                l2314 0791                  l2322 07C8                  l2330 07DE                  l2308 0786  
                l2316 079B                  l2324 07CC                  l2340 07F3                  l2332 07E1  
                l2318 07BB                  l2342 07F9                  l2334 07E4                  l2326 07D9  
                l2350 07B0                  l2336 07E7                  l2328 07DD                  l2344 079F  
                l2338 07ED                  l2346 07A4                  l2348 07AA                  STR_1 0009  
                u2140 07D8                  u2141 07D7                  u2157 0796                  u2167 0781  
                _main 079F                  btemp 007E                  start 0000                 ?_main 0070  
               _PORTB 0006                 _PORTE 0009                 _TRISB 0086                 _TRISE 0089  
     __end_of_lcd_cmd 078A                 pclath 000A                 status 0003                 wtemp0 007E  
        __end_of_main 07BA                ??_main 0075                _ADCON1 009F      __end_of_lcd_char 079F  
    __end_of_lcd_init 0800             ??_lcd_cmd 0070         lcd_string@ptr 0074        __pcstackCOMMON 0070  
          __pmaintext 079F             ?_lcd_char 0070            _lcd_string 07BA             ?_lcd_init 0070  
             _lcd_cmd 0775            ??_lcd_char 0070            ??_lcd_init 0073  end_of_initialization 0771  
          lcd_cmd@cmd 0072           ?_lcd_string 0070   start_initialization 0771   __size_of_lcd_string 001F  
   __size_of_lcd_char 0015     __size_of_lcd_init 0027             __pstrings 0003              ?_lcd_cmd 0070  
         __stringbase 0008          ??_lcd_string 0073    __end_of_lcd_string 07D9      __size_of_lcd_cmd 0015  
            __ptext84 0000              __ptext85 07D9              __ptext86 07BA              __ptext87 078A  
            __ptext88 0775              __ptext89 0000              _lcd_char 078A              _lcd_init 07D9  
       __size_of_main 001B             stringcode 0003              stringdir 0003              stringtab 0003  
